<?xml version="1.0" encoding="UTF-8"?>
<!-- Generated by org.testng.reporters.JUnitXMLReporter -->
<testsuite hostname="LAPTOP-64JMFN9V" ignored="10" name="DroomWebAutomationTest" tests="120" failures="38" timestamp="2020-09-01T17:41:30 IST" time="5959.746" errors="0">
  <testcase name="@BeforeMethod init" time="47.504" classname="com.droom.automation.lib.AbstractBaseTest">
    <failure type="org.openqa.selenium.WebDriverException" message="unknown error: net::ERR_CONNECTION_TIMED_OUT
  (Session info: chrome=85.0.4183.83)
Build info: version: &amp;apos;3.141.59&amp;apos;, revision: &amp;apos;e82be7d358&amp;apos;, time: &amp;apos;2018-11-14T08:17:03&amp;apos;
System info: host: &amp;apos;LAPTOP-64JMFN9V&amp;apos;, ip: &amp;apos;172.17.17.55&amp;apos;, os.name: &amp;apos;Windows 10&amp;apos;, os.arch: &amp;apos;amd64&amp;apos;, os.version: &amp;apos;10.0&amp;apos;, java.version: &amp;apos;1.8.0_181&amp;apos;
Driver info: org.openqa.selenium.chrome.ChromeDriver
Capabilities {acceptInsecureCerts: false, browserName: chrome, browserVersion: 85.0.4183.83, chrome: {chromedriverVersion: 85.0.4183.87 (cd6713ebf92fa..., userDataDir: C:\Users\Honey\AppData\Loca...}, goog:chromeOptions: {debuggerAddress: localhost:53512}, javascriptEnabled: true, networkConnectionEnabled: false, pageLoadStrategy: normal, platform: WINDOWS, platformName: WINDOWS, proxy: Proxy(), setWindowRect: true, strictFileInteractability: false, timeouts: {implicit: 0, pageLoad: 300000, script: 30000}, unhandledPromptBehavior: dismiss and notify, webauthn:virtualAuthenticators: true}
Session ID: 71bd82b6ca249324cf0657882bfd5513">
      <![CDATA[org.openqa.selenium.WebDriverException: unknown error: net::ERR_CONNECTION_TIMED_OUT
  (Session info: chrome=85.0.4183.83)
Build info: version: '3.141.59', revision: 'e82be7d358', time: '2018-11-14T08:17:03'
System info: host: 'LAPTOP-64JMFN9V', ip: '172.17.17.55', os.name: 'Windows 10', os.arch: 'amd64', os.version: '10.0', java.version: '1.8.0_181'
Driver info: org.openqa.selenium.chrome.ChromeDriver
Capabilities {acceptInsecureCerts: false, browserName: chrome, browserVersion: 85.0.4183.83, chrome: {chromedriverVersion: 85.0.4183.87 (cd6713ebf92fa..., userDataDir: C:\Users\Honey\AppData\Loca...}, goog:chromeOptions: {debuggerAddress: localhost:53512}, javascriptEnabled: true, networkConnectionEnabled: false, pageLoadStrategy: normal, platform: WINDOWS, platformName: WINDOWS, proxy: Proxy(), setWindowRect: true, strictFileInteractability: false, timeouts: {implicit: 0, pageLoad: 300000, script: 30000}, unhandledPromptBehavior: dismiss and notify, webauthn:virtualAuthenticators: true}
Session ID: 71bd82b6ca249324cf0657882bfd5513
at org.openqa.selenium.remote.http.W3CHttpResponseCodec.createException(W3CHttpResponseCodec.java:187)
at org.openqa.selenium.remote.http.W3CHttpResponseCodec.decode(W3CHttpResponseCodec.java:122)
at org.openqa.selenium.remote.http.W3CHttpResponseCodec.decode(W3CHttpResponseCodec.java:49)
at org.openqa.selenium.remote.HttpCommandExecutor.execute(HttpCommandExecutor.java:158)
at org.openqa.selenium.remote.service.DriverCommandExecutor.execute(DriverCommandExecutor.java:83)
at org.openqa.selenium.remote.RemoteWebDriver.execute(RemoteWebDriver.java:552)
at org.openqa.selenium.remote.RemoteWebDriver.get(RemoteWebDriver.java:277)
at org.openqa.selenium.remote.RemoteWebDriver$RemoteNavigation.to(RemoteWebDriver.java:857)
at com.droom.automation.lib.WebDriverFactory.startDriver(WebDriverFactory.java:61)
at com.droom.automation.lib.AbstractBaseTest.init(AbstractBaseTest.java:35)
at java.util.ArrayList.forEach(ArrayList.java:1257)
... Removed 34 stack frames]]>
    </failure>
  </testcase> <!-- @BeforeMethod init -->
  <testcase name="loginAsIndividualUserViaPassword" time="12.994" classname="com.droom.automation.droomweb.droomweb_qa.UserLoginTest"/>
  <testcase name="inValidIDloginAsIndividualUserViaPassword" time="15.509" classname="com.droom.automation.droomweb.droomweb_qa.UserLoginTest"/>
  <testcase name="inValidPasswordloginAsIndividualUserViaPassword" time="22.927" classname="com.droom.automation.droomweb.droomweb_qa.UserLoginTest"/>
  <testcase name="loginAsIndividualUserViaOTP" time="44.771" classname="com.droom.automation.droomweb.droomweb_qa.UserLoginTest"/>
  <testcase name="inValidOTPloginAsIndividualUserViaOTP" time="15.071" classname="com.droom.automation.droomweb.droomweb_qa.UserLoginTest"/>
  <testcase name="loginAsProSellerViaPassword" time="12.648" classname="com.droom.automation.droomweb.droomweb_qa.UserLoginTest"/>
  <testcase name="inValidLoginIDAsProSellerViaPassword" time="8.224" classname="com.droom.automation.droomweb.droomweb_qa.UserLoginTest"/>
  <testcase name="inValidLoginPasswordAsProSellerViaPassword" time="7.252" classname="com.droom.automation.droomweb.droomweb_qa.UserLoginTest"/>
  <testcase name="loginAsProSellerViaOTP" time="24.281" classname="com.droom.automation.droomweb.droomweb_qa.UserLoginTest"/>
  <testcase name="inValidOTPloginAsProSellerViaOTP" time="15.668" classname="com.droom.automation.droomweb.droomweb_qa.UserLoginTest"/>
  <testcase name="franchiseLoginValidation" time="19.035" classname="com.droom.automation.droomweb.droomweb_qa.UserLoginTest"/>
  <testcase name="buyGermShieldServiceViaHomePageAsLoggedInUser" time="55.605" classname="com.droom.automation.droomweb.droomweb_qa.BuyGermShieldServiceTest"/>
  <testcase name="buyGermShieldElevatorService" time="71.848" classname="com.droom.automation.droomweb.droomweb_qa.BuyGermShieldServiceTest">
    <failure type="org.openqa.selenium.NoSuchElementException" message="no such element: Unable to locate element: {&amp;quot;method&amp;quot;:&amp;quot;xpath&amp;quot;,&amp;quot;selector&amp;quot;:&amp;quot;//strong[text()=&amp;apos;₹  899&amp;apos;]&amp;quot;}
  (Session info: chrome=85.0.4183.83)
For documentation on this error, please visit: https://www.seleniumhq.org/exceptions/no_such_element.html
Build info: version: &amp;apos;3.141.59&amp;apos;, revision: &amp;apos;e82be7d358&amp;apos;, time: &amp;apos;2018-11-14T08:17:03&amp;apos;
System info: host: &amp;apos;LAPTOP-64JMFN9V&amp;apos;, ip: &amp;apos;172.17.17.55&amp;apos;, os.name: &amp;apos;Windows 10&amp;apos;, os.arch: &amp;apos;amd64&amp;apos;, os.version: &amp;apos;10.0&amp;apos;, java.version: &amp;apos;1.8.0_181&amp;apos;
Driver info: org.openqa.selenium.chrome.ChromeDriver
Capabilities {acceptInsecureCerts: false, browserName: chrome, browserVersion: 85.0.4183.83, chrome: {chromedriverVersion: 85.0.4183.87 (cd6713ebf92fa..., userDataDir: C:\Users\Honey\AppData\Loca...}, goog:chromeOptions: {debuggerAddress: localhost:51614}, javascriptEnabled: true, networkConnectionEnabled: false, pageLoadStrategy: normal, platform: WINDOWS, platformName: WINDOWS, proxy: Proxy(), setWindowRect: true, strictFileInteractability: false, timeouts: {implicit: 0, pageLoad: 300000, script: 30000}, unhandledPromptBehavior: dismiss and notify, webauthn:virtualAuthenticators: true}
Session ID: 10072c4071b5337524a07111d9097d48
*** Element info: {Using=xpath, value=//strong[text()=&amp;apos;₹  899&amp;apos;]}">
      <![CDATA[org.openqa.selenium.NoSuchElementException: no such element: Unable to locate element: {"method":"xpath","selector":"//strong[text()='₹  899']"}
  (Session info: chrome=85.0.4183.83)
For documentation on this error, please visit: https://www.seleniumhq.org/exceptions/no_such_element.html
Build info: version: '3.141.59', revision: 'e82be7d358', time: '2018-11-14T08:17:03'
System info: host: 'LAPTOP-64JMFN9V', ip: '172.17.17.55', os.name: 'Windows 10', os.arch: 'amd64', os.version: '10.0', java.version: '1.8.0_181'
Driver info: org.openqa.selenium.chrome.ChromeDriver
Capabilities {acceptInsecureCerts: false, browserName: chrome, browserVersion: 85.0.4183.83, chrome: {chromedriverVersion: 85.0.4183.87 (cd6713ebf92fa..., userDataDir: C:\Users\Honey\AppData\Loca...}, goog:chromeOptions: {debuggerAddress: localhost:51614}, javascriptEnabled: true, networkConnectionEnabled: false, pageLoadStrategy: normal, platform: WINDOWS, platformName: WINDOWS, proxy: Proxy(), setWindowRect: true, strictFileInteractability: false, timeouts: {implicit: 0, pageLoad: 300000, script: 30000}, unhandledPromptBehavior: dismiss and notify, webauthn:virtualAuthenticators: true}
Session ID: 10072c4071b5337524a07111d9097d48
*** Element info: {Using=xpath, value=//strong[text()='₹  899']}
at org.openqa.selenium.remote.http.W3CHttpResponseCodec.createException(W3CHttpResponseCodec.java:187)
at org.openqa.selenium.remote.http.W3CHttpResponseCodec.decode(W3CHttpResponseCodec.java:122)
at org.openqa.selenium.remote.http.W3CHttpResponseCodec.decode(W3CHttpResponseCodec.java:49)
at org.openqa.selenium.remote.HttpCommandExecutor.execute(HttpCommandExecutor.java:158)
at org.openqa.selenium.remote.service.DriverCommandExecutor.execute(DriverCommandExecutor.java:83)
at org.openqa.selenium.remote.RemoteWebDriver.execute(RemoteWebDriver.java:552)
at org.openqa.selenium.remote.RemoteWebDriver.findElement(RemoteWebDriver.java:323)
at org.openqa.selenium.remote.RemoteWebDriver.findElementByXPath(RemoteWebDriver.java:428)
at org.openqa.selenium.By$ByXPath.findElement(By.java:353)
at org.openqa.selenium.remote.RemoteWebDriver.findElement(RemoteWebDriver.java:315)
at com.droom.automation.page.droomweb.GermShieldAntimicrobialCoatingPage.germShieldForElevator(GermShieldAntimicrobialCoatingPage.java:110)
at com.droom.automation.droomweb.droomweb_qa.BuyGermShieldServiceTest.buyGermShieldElevatorService(BuyGermShieldServiceTest.java:48)
at java.util.ArrayList.forEach(ArrayList.java:1257)
... Removed 31 stack frames]]>
    </failure>
  </testcase> <!-- buyGermShieldElevatorService -->
  <testcase name="buyGermShieldForOtherFacility" time="68.92" classname="com.droom.automation.droomweb.droomweb_qa.BuyGermShieldServiceTest">
    <failure type="org.openqa.selenium.NoSuchElementException" message="no such element: Unable to locate element: {&amp;quot;method&amp;quot;:&amp;quot;xpath&amp;quot;,&amp;quot;selector&amp;quot;:&amp;quot;//span[text()=&amp;apos;₹1500&amp;apos;]&amp;quot;}
  (Session info: chrome=85.0.4183.83)
For documentation on this error, please visit: https://www.seleniumhq.org/exceptions/no_such_element.html
Build info: version: &amp;apos;3.141.59&amp;apos;, revision: &amp;apos;e82be7d358&amp;apos;, time: &amp;apos;2018-11-14T08:17:03&amp;apos;
System info: host: &amp;apos;LAPTOP-64JMFN9V&amp;apos;, ip: &amp;apos;172.17.17.55&amp;apos;, os.name: &amp;apos;Windows 10&amp;apos;, os.arch: &amp;apos;amd64&amp;apos;, os.version: &amp;apos;10.0&amp;apos;, java.version: &amp;apos;1.8.0_181&amp;apos;
Driver info: org.openqa.selenium.chrome.ChromeDriver
Capabilities {acceptInsecureCerts: false, browserName: chrome, browserVersion: 85.0.4183.83, chrome: {chromedriverVersion: 85.0.4183.87 (cd6713ebf92fa..., userDataDir: C:\Users\Honey\AppData\Loca...}, goog:chromeOptions: {debuggerAddress: localhost:51965}, javascriptEnabled: true, networkConnectionEnabled: false, pageLoadStrategy: normal, platform: WINDOWS, platformName: WINDOWS, proxy: Proxy(), setWindowRect: true, strictFileInteractability: false, timeouts: {implicit: 0, pageLoad: 300000, script: 30000}, unhandledPromptBehavior: dismiss and notify, webauthn:virtualAuthenticators: true}
Session ID: b346e7c7c6f0d235f3053f23e2d02970
*** Element info: {Using=xpath, value=//span[text()=&amp;apos;₹1500&amp;apos;]}">
      <![CDATA[org.openqa.selenium.NoSuchElementException: no such element: Unable to locate element: {"method":"xpath","selector":"//span[text()='₹1500']"}
  (Session info: chrome=85.0.4183.83)
For documentation on this error, please visit: https://www.seleniumhq.org/exceptions/no_such_element.html
Build info: version: '3.141.59', revision: 'e82be7d358', time: '2018-11-14T08:17:03'
System info: host: 'LAPTOP-64JMFN9V', ip: '172.17.17.55', os.name: 'Windows 10', os.arch: 'amd64', os.version: '10.0', java.version: '1.8.0_181'
Driver info: org.openqa.selenium.chrome.ChromeDriver
Capabilities {acceptInsecureCerts: false, browserName: chrome, browserVersion: 85.0.4183.83, chrome: {chromedriverVersion: 85.0.4183.87 (cd6713ebf92fa..., userDataDir: C:\Users\Honey\AppData\Loca...}, goog:chromeOptions: {debuggerAddress: localhost:51965}, javascriptEnabled: true, networkConnectionEnabled: false, pageLoadStrategy: normal, platform: WINDOWS, platformName: WINDOWS, proxy: Proxy(), setWindowRect: true, strictFileInteractability: false, timeouts: {implicit: 0, pageLoad: 300000, script: 30000}, unhandledPromptBehavior: dismiss and notify, webauthn:virtualAuthenticators: true}
Session ID: b346e7c7c6f0d235f3053f23e2d02970
*** Element info: {Using=xpath, value=//span[text()='₹1500']}
at org.openqa.selenium.remote.http.W3CHttpResponseCodec.createException(W3CHttpResponseCodec.java:187)
at org.openqa.selenium.remote.http.W3CHttpResponseCodec.decode(W3CHttpResponseCodec.java:122)
at org.openqa.selenium.remote.http.W3CHttpResponseCodec.decode(W3CHttpResponseCodec.java:49)
at org.openqa.selenium.remote.HttpCommandExecutor.execute(HttpCommandExecutor.java:158)
at org.openqa.selenium.remote.service.DriverCommandExecutor.execute(DriverCommandExecutor.java:83)
at org.openqa.selenium.remote.RemoteWebDriver.execute(RemoteWebDriver.java:552)
at org.openqa.selenium.remote.RemoteWebDriver.findElement(RemoteWebDriver.java:323)
at org.openqa.selenium.remote.RemoteWebDriver.findElementByXPath(RemoteWebDriver.java:428)
at org.openqa.selenium.By$ByXPath.findElement(By.java:353)
at org.openqa.selenium.remote.RemoteWebDriver.findElement(RemoteWebDriver.java:315)
at com.droom.automation.lib.SeleniumWrapper.verifyByContains(SeleniumWrapper.java:349)
at com.droom.automation.page.droomweb.GermShieldAntimicrobialCoatingPage.germShieldForOtherFacility(GermShieldAntimicrobialCoatingPage.java:138)
at com.droom.automation.droomweb.droomweb_qa.BuyGermShieldServiceTest.buyGermShieldForOtherFacility(BuyGermShieldServiceTest.java:56)
at java.util.ArrayList.forEach(ArrayList.java:1257)
... Removed 31 stack frames]]>
    </failure>
  </testcase> <!-- buyGermShieldForOtherFacility -->
  <testcase name="buyGermShieldForAutomobileAsHatchback" time="31.947" classname="com.droom.automation.droomweb.droomweb_qa.BuyGermShieldServiceTest">
    <failure type="java.lang.AssertionError" message="did not expect to find [true] but found [false]">
      <![CDATA[java.lang.AssertionError: did not expect to find [true] but found [false]
at com.droom.automation.lib.SeleniumWrapper.verifyByContains(SeleniumWrapper.java:350)
at com.droom.automation.page.droomweb.GermShieldForAutomobilePage.germShieldValidationForCarAsHatchback(GermShieldForAutomobilePage.java:63)
at com.droom.automation.droomweb.droomweb_qa.BuyGermShieldServiceTest.buyGermShieldForAutomobileAsHatchback(BuyGermShieldServiceTest.java:68)
at java.util.ArrayList.forEach(ArrayList.java:1257)
... Removed 31 stack frames]]>
    </failure>
  </testcase> <!-- buyGermShieldForAutomobileAsHatchback -->
  <testcase name="buyGermShieldForAutomobileAsSedan" time="30.388" classname="com.droom.automation.droomweb.droomweb_qa.BuyGermShieldServiceTest">
    <failure type="java.lang.AssertionError" message="did not expect to find [true] but found [false]">
      <![CDATA[java.lang.AssertionError: did not expect to find [true] but found [false]
at com.droom.automation.lib.SeleniumWrapper.verifyByContains(SeleniumWrapper.java:350)
at com.droom.automation.page.droomweb.GermShieldForAutomobilePage.germShieldValidationForCarAsSedan(GermShieldForAutomobilePage.java:89)
at com.droom.automation.droomweb.droomweb_qa.BuyGermShieldServiceTest.buyGermShieldForAutomobileAsSedan(BuyGermShieldServiceTest.java:78)
at java.util.ArrayList.forEach(ArrayList.java:1257)
... Removed 31 stack frames]]>
    </failure>
  </testcase> <!-- buyGermShieldForAutomobileAsSedan -->
  <testcase name="buyGermShieldForAutomobileAsBike" time="82.066" classname="com.droom.automation.droomweb.droomweb_qa.BuyGermShieldServiceTest"/>
  <testcase name="buyGermShieldForAutomobileAsScooter" time="83.766" classname="com.droom.automation.droomweb.droomweb_qa.BuyGermShieldServiceTest">
    <failure type="org.openqa.selenium.NoSuchElementException" message="no such element: Unable to locate element: {&amp;quot;method&amp;quot;:&amp;quot;xpath&amp;quot;,&amp;quot;selector&amp;quot;:&amp;quot;(//label[text()=&amp;apos;Net Banking&amp;apos;])[1]&amp;quot;}
  (Session info: chrome=85.0.4183.83)
For documentation on this error, please visit: https://www.seleniumhq.org/exceptions/no_such_element.html
Build info: version: &amp;apos;3.141.59&amp;apos;, revision: &amp;apos;e82be7d358&amp;apos;, time: &amp;apos;2018-11-14T08:17:03&amp;apos;
System info: host: &amp;apos;LAPTOP-64JMFN9V&amp;apos;, ip: &amp;apos;172.17.17.55&amp;apos;, os.name: &amp;apos;Windows 10&amp;apos;, os.arch: &amp;apos;amd64&amp;apos;, os.version: &amp;apos;10.0&amp;apos;, java.version: &amp;apos;1.8.0_181&amp;apos;
Driver info: org.openqa.selenium.chrome.ChromeDriver
Capabilities {acceptInsecureCerts: false, browserName: chrome, browserVersion: 85.0.4183.83, chrome: {chromedriverVersion: 85.0.4183.87 (cd6713ebf92fa..., userDataDir: C:\Users\Honey\AppData\Loca...}, goog:chromeOptions: {debuggerAddress: localhost:53154}, javascriptEnabled: true, networkConnectionEnabled: false, pageLoadStrategy: normal, platform: WINDOWS, platformName: WINDOWS, proxy: Proxy(), setWindowRect: true, strictFileInteractability: false, timeouts: {implicit: 0, pageLoad: 300000, script: 30000}, unhandledPromptBehavior: dismiss and notify, webauthn:virtualAuthenticators: true}
Session ID: 7227dab7bf2a4309bc07870aa05accd2
*** Element info: {Using=xpath, value=(//label[text()=&amp;apos;Net Banking&amp;apos;])[1]}">
      <![CDATA[org.openqa.selenium.NoSuchElementException: no such element: Unable to locate element: {"method":"xpath","selector":"(//label[text()='Net Banking'])[1]"}
  (Session info: chrome=85.0.4183.83)
For documentation on this error, please visit: https://www.seleniumhq.org/exceptions/no_such_element.html
Build info: version: '3.141.59', revision: 'e82be7d358', time: '2018-11-14T08:17:03'
System info: host: 'LAPTOP-64JMFN9V', ip: '172.17.17.55', os.name: 'Windows 10', os.arch: 'amd64', os.version: '10.0', java.version: '1.8.0_181'
Driver info: org.openqa.selenium.chrome.ChromeDriver
Capabilities {acceptInsecureCerts: false, browserName: chrome, browserVersion: 85.0.4183.83, chrome: {chromedriverVersion: 85.0.4183.87 (cd6713ebf92fa..., userDataDir: C:\Users\Honey\AppData\Loca...}, goog:chromeOptions: {debuggerAddress: localhost:53154}, javascriptEnabled: true, networkConnectionEnabled: false, pageLoadStrategy: normal, platform: WINDOWS, platformName: WINDOWS, proxy: Proxy(), setWindowRect: true, strictFileInteractability: false, timeouts: {implicit: 0, pageLoad: 300000, script: 30000}, unhandledPromptBehavior: dismiss and notify, webauthn:virtualAuthenticators: true}
Session ID: 7227dab7bf2a4309bc07870aa05accd2
*** Element info: {Using=xpath, value=(//label[text()='Net Banking'])[1]}
at org.openqa.selenium.remote.http.W3CHttpResponseCodec.createException(W3CHttpResponseCodec.java:187)
at org.openqa.selenium.remote.http.W3CHttpResponseCodec.decode(W3CHttpResponseCodec.java:122)
at org.openqa.selenium.remote.http.W3CHttpResponseCodec.decode(W3CHttpResponseCodec.java:49)
at org.openqa.selenium.remote.HttpCommandExecutor.execute(HttpCommandExecutor.java:158)
at org.openqa.selenium.remote.service.DriverCommandExecutor.execute(DriverCommandExecutor.java:83)
at org.openqa.selenium.remote.RemoteWebDriver.execute(RemoteWebDriver.java:552)
at org.openqa.selenium.remote.RemoteWebDriver.findElement(RemoteWebDriver.java:323)
at org.openqa.selenium.remote.RemoteWebDriver.findElementByXPath(RemoteWebDriver.java:428)
at org.openqa.selenium.By$ByXPath.findElement(By.java:353)
at org.openqa.selenium.remote.RemoteWebDriver.findElement(RemoteWebDriver.java:315)
at com.droom.automation.lib.SeleniumWrapper.verifyByText(SeleniumWrapper.java:341)
at com.droom.automation.page.droomweb.PaymentPage.paymentViaNetBanking(PaymentPage.java:22)
at com.droom.automation.page.droomweb.GermShieldForAutomobilePage.germShieldValidationForScooter(GermShieldForAutomobilePage.java:154)
at com.droom.automation.droomweb.droomweb_qa.BuyGermShieldServiceTest.buyGermShieldForAutomobileAsScooter(BuyGermShieldServiceTest.java:98)
at java.util.ArrayList.forEach(ArrayList.java:1257)
... Removed 31 stack frames]]>
    </failure>
  </testcase> <!-- buyGermShieldForAutomobileAsScooter -->
  <testcase name="buyGermShieldForAutomobileAsPremiumBike" time="0.0" classname="com.droom.automation.droomweb.droomweb_qa.BuyGermShieldServiceTest">
    <skipped/>
  </testcase> <!-- buyGermShieldForAutomobileAsPremiumBike -->
  <testcase name="buyGermShieldForAutomobileAsBus" time="0.0" classname="com.droom.automation.droomweb.droomweb_qa.BuyGermShieldServiceTest">
    <skipped/>
  </testcase> <!-- buyGermShieldForAutomobileAsBus -->
  <testcase name="buyGermShieldForHomeAsIndependent" time="0.0" classname="com.droom.automation.droomweb.droomweb_qa.BuyGermShieldServiceTest">
    <skipped/>
  </testcase> <!-- buyGermShieldForHomeAsIndependent -->
  <testcase name="buyGermShieldForHomeAsBungalow" time="0.0" classname="com.droom.automation.droomweb.droomweb_qa.BuyGermShieldServiceTest">
    <skipped/>
  </testcase> <!-- buyGermShieldForHomeAsBungalow -->
  <testcase name="buyGermShieldForHomeAsFlat" time="0.0" classname="com.droom.automation.droomweb.droomweb_qa.BuyGermShieldServiceTest">
    <skipped/>
  </testcase> <!-- buyGermShieldForHomeAsFlat -->
  <testcase name="buyGermShieldForHomeAsVilla" time="0.0" classname="com.droom.automation.droomweb.droomweb_qa.BuyGermShieldServiceTest">
    <skipped/>
  </testcase> <!-- buyGermShieldForHomeAsVilla -->
  <testcase name="buyGermShieldForHomeAsPenthouse" time="0.0" classname="com.droom.automation.droomweb.droomweb_qa.BuyGermShieldServiceTest">
    <skipped/>
  </testcase> <!-- buyGermShieldForHomeAsPenthouse -->
  <testcase name="buyGermShieldForHomeAsFarmhouse" time="0.0" classname="com.droom.automation.droomweb.droomweb_qa.BuyGermShieldServiceTest">
    <skipped/>
  </testcase> <!-- buyGermShieldForHomeAsFarmhouse -->
  <testcase name="buyGermShieldForOfficeAsIndependentBuilding" time="0.0" classname="com.droom.automation.droomweb.droomweb_qa.BuyGermShieldServiceTest">
    <skipped/>
  </testcase> <!-- buyGermShieldForOfficeAsIndependentBuilding -->
  <testcase name="buyGermShieldForOfficeAsHighRiseBuilding" time="0.0" classname="com.droom.automation.droomweb.droomweb_qa.BuyGermShieldServiceTest">
    <skipped/>
  </testcase> <!-- buyGermShieldForOfficeAsHighRiseBuilding -->
  <testcase name="buyGermShieldForOfficeAsCoWorkingSpace" time="0.0" classname="com.droom.automation.droomweb.droomweb_qa.BuyGermShieldServiceTest">
    <skipped/>
  </testcase> <!-- buyGermShieldForOfficeAsCoWorkingSpace -->
  <testcase name="buyGermShieldForHeavyTransportAsPlane" time="0.0" classname="com.droom.automation.droomweb.droomweb_qa.BuyGermShieldServiceTest">
    <skipped/>
  </testcase> <!-- buyGermShieldForHeavyTransportAsPlane -->
  <testcase name="buyGermShieldForHeavyTransportAsHelicopter" time="0.0" classname="com.droom.automation.droomweb.droomweb_qa.BuyGermShieldServiceTest">
    <skipped/>
  </testcase> <!-- buyGermShieldForHeavyTransportAsHelicopter -->
  <testcase name="buyGermShieldForHeavyTransportAsTrain" time="0.0" classname="com.droom.automation.droomweb.droomweb_qa.BuyGermShieldServiceTest">
    <skipped/>
  </testcase> <!-- buyGermShieldForHeavyTransportAsTrain -->
  <testcase name="registerAsIndividualUser" time="26.072" classname="com.droom.automation.droomweb.droomweb_qa.UserRegistrationTest"/>
  <testcase name="registerAsProSeller" time="16.661" classname="com.droom.automation.droomweb.droomweb_qa.UserRegistrationTest">
    <failure type="java.sql.SQLException" message="Illegal operation on empty result set.">
      <![CDATA[java.sql.SQLException: Illegal operation on empty result set.
at com.mysql.cj.jdbc.exceptions.SQLError.createSQLException(SQLError.java:129)
at com.mysql.cj.jdbc.exceptions.SQLError.createSQLException(SQLError.java:97)
at com.mysql.cj.jdbc.exceptions.SQLError.createSQLException(SQLError.java:89)
at com.mysql.cj.jdbc.exceptions.SQLError.createSQLException(SQLError.java:63)
at com.mysql.cj.jdbc.result.ResultSetImpl.checkRowPos(ResultSetImpl.java:492)
at com.mysql.cj.jdbc.result.ResultSetImpl.getString(ResultSetImpl.java:845)
at com.mysql.cj.jdbc.result.ResultSetImpl.getString(ResultSetImpl.java:863)
at com.droom.automation.lib.DataBaseDemo.getotp(DataBaseDemo.java:24)
at com.droom.automation.page.droomweb.RegistrationPage.createProSellerAccount(RegistrationPage.java:216)
at com.droom.automation.droomweb.droomweb_qa.UserRegistrationTest.registerAsProSeller(UserRegistrationTest.java:49)
at java.util.ArrayList.forEach(ArrayList.java:1257)
... Removed 27 stack frames]]>
    </failure>
  </testcase> <!-- registerAsProSeller -->
  <testcase name="invalidInputErrorMsgVerificationWhileCreatingIndividualAccount" time="6.374" classname="com.droom.automation.droomweb.droomweb_qa.UserRegistrationTest"/>
  <testcase name="emptyErrorMsgVerificationWhileRegisterAsIndividualAccount" time="9.828" classname="com.droom.automation.droomweb.droomweb_qa.UserRegistrationTest"/>
  <testcase name="emptyErrorMsgVerificationWhileFillingFormAsIndividualAccount" time="15.357" classname="com.droom.automation.droomweb.droomweb_qa.UserRegistrationTest">
    <failure type="java.sql.SQLException" message="Illegal operation on empty result set.">
      <![CDATA[java.sql.SQLException: Illegal operation on empty result set.
at com.mysql.cj.jdbc.exceptions.SQLError.createSQLException(SQLError.java:129)
at com.mysql.cj.jdbc.exceptions.SQLError.createSQLException(SQLError.java:97)
at com.mysql.cj.jdbc.exceptions.SQLError.createSQLException(SQLError.java:89)
at com.mysql.cj.jdbc.exceptions.SQLError.createSQLException(SQLError.java:63)
at com.mysql.cj.jdbc.result.ResultSetImpl.checkRowPos(ResultSetImpl.java:492)
at com.mysql.cj.jdbc.result.ResultSetImpl.getString(ResultSetImpl.java:845)
at com.mysql.cj.jdbc.result.ResultSetImpl.getString(ResultSetImpl.java:863)
at com.droom.automation.lib.DataBaseDemo.getotp(DataBaseDemo.java:24)
at com.droom.automation.page.droomweb.RegistrationPage.getRegistrationFormPage(RegistrationPage.java:131)
at com.droom.automation.page.droomweb.RegistrationPage.emptyErrorMsgVerificationWhileFillingFormAsIndividualAccount(RegistrationPage.java:171)
at com.droom.automation.droomweb.droomweb_qa.UserRegistrationTest.emptyErrorMsgVerificationWhileFillingFormAsIndividualAccount(UserRegistrationTest.java:77)
at java.util.ArrayList.forEach(ArrayList.java:1257)
... Removed 27 stack frames]]>
    </failure>
  </testcase> <!-- emptyErrorMsgVerificationWhileFillingFormAsIndividualAccount -->
  <testcase name="errorMsgVerificationForPasswordWhileRegisterAsIndividualAccount" time="21.038" classname="com.droom.automation.droomweb.droomweb_qa.UserRegistrationTest"/>
  <testcase name="emptyErrorMsgVerificationWhileRegisterAsProSellerAccount" time="8.42" classname="com.droom.automation.droomweb.droomweb_qa.UserRegistrationTest"/>
  <testcase name="allReadyExistErrorMsgVerificationWhileRegisterAsProSellerAccount" time="13.804" classname="com.droom.automation.droomweb.droomweb_qa.UserRegistrationTest">
    <failure type="java.sql.SQLException" message="Illegal operation on empty result set.">
      <![CDATA[java.sql.SQLException: Illegal operation on empty result set.
at com.mysql.cj.jdbc.exceptions.SQLError.createSQLException(SQLError.java:129)
at com.mysql.cj.jdbc.exceptions.SQLError.createSQLException(SQLError.java:97)
at com.mysql.cj.jdbc.exceptions.SQLError.createSQLException(SQLError.java:89)
at com.mysql.cj.jdbc.exceptions.SQLError.createSQLException(SQLError.java:63)
at com.mysql.cj.jdbc.result.ResultSetImpl.checkRowPos(ResultSetImpl.java:492)
at com.mysql.cj.jdbc.result.ResultSetImpl.getString(ResultSetImpl.java:845)
at com.mysql.cj.jdbc.result.ResultSetImpl.getString(ResultSetImpl.java:863)
at com.droom.automation.lib.DataBaseDemo.getotp(DataBaseDemo.java:24)
at com.droom.automation.page.droomweb.RegistrationPage.allReadyExistErrorMsgVerificationWhileRegisterAsProSellerAccount(RegistrationPage.java:272)
at com.droom.automation.droomweb.droomweb_qa.UserRegistrationTest.allReadyExistErrorMsgVerificationWhileRegisterAsProSellerAccount(UserRegistrationTest.java:116)
at java.util.ArrayList.forEach(ArrayList.java:1257)
... Removed 27 stack frames]]>
    </failure>
  </testcase> <!-- allReadyExistErrorMsgVerificationWhileRegisterAsProSellerAccount -->
  <testcase name="inValidInputErrorMsgVerificationWhileRegisterAsProSellerAccount" time="10.675" classname="com.droom.automation.droomweb.droomweb_qa.UserRegistrationTest"/>
  <testcase name="validatSubmitRequirementAsBuyWithVehicleAsNewCar" time="36.023" classname="com.droom.automation.droomweb.droomweb_qa.SubmitRequirementTest">
    <failure type="org.openqa.selenium.NoSuchElementException" message="Cannot locate element with text: Mahindra
For documentation on this error, please visit: https://www.seleniumhq.org/exceptions/no_such_element.html
Build info: version: &amp;apos;3.141.59&amp;apos;, revision: &amp;apos;e82be7d358&amp;apos;, time: &amp;apos;2018-11-14T08:17:03&amp;apos;
System info: host: &amp;apos;LAPTOP-64JMFN9V&amp;apos;, ip: &amp;apos;172.17.17.55&amp;apos;, os.name: &amp;apos;Windows 10&amp;apos;, os.arch: &amp;apos;amd64&amp;apos;, os.version: &amp;apos;10.0&amp;apos;, java.version: &amp;apos;1.8.0_181&amp;apos;
Driver info: driver.version: unknown">
      <![CDATA[org.openqa.selenium.NoSuchElementException: Cannot locate element with text: Mahindra
For documentation on this error, please visit: https://www.seleniumhq.org/exceptions/no_such_element.html
Build info: version: '3.141.59', revision: 'e82be7d358', time: '2018-11-14T08:17:03'
System info: host: 'LAPTOP-64JMFN9V', ip: '172.17.17.55', os.name: 'Windows 10', os.arch: 'amd64', os.version: '10.0', java.version: '1.8.0_181'
Driver info: driver.version: unknown
at org.openqa.selenium.support.ui.Select.selectByVisibleText(Select.java:147)
at com.droom.automation.lib.SeleniumWrapper.selectOptionByText(SeleniumWrapper.java:185)
at com.droom.automation.page.droomweb.SubmitRequirementPage.selectForMakeModelTrimYear(SubmitRequirementPage.java:211)
at com.droom.automation.page.droomweb.SubmitRequirementPage.buyVehicleAsCar(SubmitRequirementPage.java:239)
at com.droom.automation.droomweb.droomweb_qa.SubmitRequirementTest.validatSubmitRequirementAsBuyWithVehicleAsNewCar(SubmitRequirementTest.java:47)
at java.util.ArrayList.forEach(ArrayList.java:1257)
... Removed 27 stack frames]]>
    </failure>
  </testcase> <!-- validatSubmitRequirementAsBuyWithVehicleAsNewCar -->
  <testcase name="validatSubmitRequirementAsBuyWithVehicleAsNewMotorCycleOrBike" time="41.714" classname="com.droom.automation.droomweb.droomweb_qa.SubmitRequirementTest"/>
  <testcase name="validatSubmitRequirementAsBuyWithVehicleAsNewScooter" time="40.494" classname="com.droom.automation.droomweb.droomweb_qa.SubmitRequirementTest"/>
  <testcase name="validatSubmitRequirementAsBuyWithVehicleAsNewTaxi" time="39.455" classname="com.droom.automation.droomweb.droomweb_qa.SubmitRequirementTest"/>
  <testcase name="validatSubmitRequirementAsBuyWithVehicleAsUsedCar" time="41.641" classname="com.droom.automation.droomweb.droomweb_qa.SubmitRequirementTest"/>
  <testcase name="validatSubmitRequirementAsBuyWithVehicleAsUsedMotorCycleOrBike" time="4.161" classname="com.droom.automation.droomweb.droomweb_qa.SubmitRequirementTest">
    <failure type="java.lang.AssertionError" message="did not expect to find [true] but found [false]">
      <![CDATA[java.lang.AssertionError: did not expect to find [true] but found [false]
at com.droom.automation.lib.SeleniumWrapper.verifyByContains(SeleniumWrapper.java:350)
at com.droom.automation.page.droomweb.SubmitRequirementPage.selectForBuy(SubmitRequirementPage.java:53)
at com.droom.automation.droomweb.droomweb_qa.SubmitRequirementTest.validatSubmitRequirementAsBuyWithVehicleAsUsedMotorCycleOrBike(SubmitRequirementTest.java:169)
at java.util.ArrayList.forEach(ArrayList.java:1257)
... Removed 31 stack frames]]>
    </failure>
  </testcase> <!-- validatSubmitRequirementAsBuyWithVehicleAsUsedMotorCycleOrBike -->
  <testcase name="validatSubmitRequirementAsBuyWithVehicleAsUsedScooter" time="25.163" classname="com.droom.automation.droomweb.droomweb_qa.SubmitRequirementTest">
    <failure type="java.sql.SQLException" message="Illegal operation on empty result set.">
      <![CDATA[java.sql.SQLException: Illegal operation on empty result set.
at com.mysql.cj.jdbc.exceptions.SQLError.createSQLException(SQLError.java:129)
at com.mysql.cj.jdbc.exceptions.SQLError.createSQLException(SQLError.java:97)
at com.mysql.cj.jdbc.exceptions.SQLError.createSQLException(SQLError.java:89)
at com.mysql.cj.jdbc.exceptions.SQLError.createSQLException(SQLError.java:63)
at com.mysql.cj.jdbc.result.ResultSetImpl.checkRowPos(ResultSetImpl.java:492)
at com.mysql.cj.jdbc.result.ResultSetImpl.getString(ResultSetImpl.java:845)
at com.mysql.cj.jdbc.result.ResultSetImpl.getString(ResultSetImpl.java:863)
at com.droom.automation.lib.DataBaseDemo.otpAsString(DataBaseDemo.java:51)
at com.droom.automation.page.droomweb.SubmitRequirementPage.continueToOtpPopup(SubmitRequirementPage.java:174)
at com.droom.automation.droomweb.droomweb_qa.SubmitRequirementTest.validatSubmitRequirementAsBuyWithVehicleAsUsedScooter(SubmitRequirementTest.java:200)
at java.util.ArrayList.forEach(ArrayList.java:1257)
... Removed 27 stack frames]]>
    </failure>
  </testcase> <!-- validatSubmitRequirementAsBuyWithVehicleAsUsedScooter -->
  <testcase name="validatSubmitRequirementAsBuyWithVehicleAsUsedTaxi" time="38.717" classname="com.droom.automation.droomweb.droomweb_qa.SubmitRequirementTest"/>
  <testcase name="validatAlreadyRegisteredBuyerAsNewCar" time="3.345" classname="com.droom.automation.droomweb.droomweb_qa.SubmitRequirementTest">
    <failure type="java.lang.AssertionError" message="did not expect to find [true] but found [false]">
      <![CDATA[java.lang.AssertionError: did not expect to find [true] but found [false]
at com.droom.automation.lib.SeleniumWrapper.verifyByContains(SeleniumWrapper.java:350)
at com.droom.automation.page.droomweb.SubmitRequirementPage.selectForBuy(SubmitRequirementPage.java:53)
at com.droom.automation.droomweb.droomweb_qa.SubmitRequirementTest.validatAlreadyRegisteredBuyerAsNewCar(SubmitRequirementTest.java:241)
at java.util.ArrayList.forEach(ArrayList.java:1257)
... Removed 31 stack frames]]>
    </failure>
  </testcase> <!-- validatAlreadyRegisteredBuyerAsNewCar -->
  <testcase name="validatAlreadyRegisteredBuyerAsNewMotorCycleOrBike" time="32.69" classname="com.droom.automation.droomweb.droomweb_qa.SubmitRequirementTest"/>
  <testcase name="validatAlreadyRegisteredBuyerAsNewScooter" time="4.471" classname="com.droom.automation.droomweb.droomweb_qa.SubmitRequirementTest">
    <failure type="java.lang.AssertionError" message="did not expect to find [true] but found [false]">
      <![CDATA[java.lang.AssertionError: did not expect to find [true] but found [false]
at com.droom.automation.lib.SeleniumWrapper.verifyByContains(SeleniumWrapper.java:350)
at com.droom.automation.page.droomweb.SubmitRequirementPage.selectForBuy(SubmitRequirementPage.java:53)
at com.droom.automation.droomweb.droomweb_qa.SubmitRequirementTest.validatAlreadyRegisteredBuyerAsNewScooter(SubmitRequirementTest.java:285)
at java.util.ArrayList.forEach(ArrayList.java:1257)
... Removed 31 stack frames]]>
    </failure>
  </testcase> <!-- validatAlreadyRegisteredBuyerAsNewScooter -->
  <testcase name="validatAlreadyRegisteredBuyerAsNewTaxi" time="34.365" classname="com.droom.automation.droomweb.droomweb_qa.SubmitRequirementTest"/>
  <testcase name="validatAlreadyRegisteredBuyerAsUsedCar" time="31.637" classname="com.droom.automation.droomweb.droomweb_qa.SubmitRequirementTest"/>
  <testcase name="validatAlreadyRegisteredBuyerAsUsedMotorCycleOrBike" time="2.979" classname="com.droom.automation.droomweb.droomweb_qa.SubmitRequirementTest">
    <failure type="java.lang.AssertionError" message="did not expect to find [true] but found [false]">
      <![CDATA[java.lang.AssertionError: did not expect to find [true] but found [false]
at com.droom.automation.lib.SeleniumWrapper.verifyByContains(SeleniumWrapper.java:350)
at com.droom.automation.page.droomweb.SubmitRequirementPage.selectForBuy(SubmitRequirementPage.java:53)
at com.droom.automation.droomweb.droomweb_qa.SubmitRequirementTest.validatAlreadyRegisteredBuyerAsUsedMotorCycleOrBike(SubmitRequirementTest.java:351)
at java.util.ArrayList.forEach(ArrayList.java:1257)
... Removed 31 stack frames]]>
    </failure>
  </testcase> <!-- validatAlreadyRegisteredBuyerAsUsedMotorCycleOrBike -->
  <testcase name="validatAlreadyRegisteredBuyerAsUsedScooter" time="36.412" classname="com.droom.automation.droomweb.droomweb_qa.SubmitRequirementTest"/>
  <testcase name="validatAlreadyRegisteredBuyerAsUsedTaxi" time="3.164" classname="com.droom.automation.droomweb.droomweb_qa.SubmitRequirementTest">
    <failure type="java.lang.AssertionError" message="did not expect to find [true] but found [false]">
      <![CDATA[java.lang.AssertionError: did not expect to find [true] but found [false]
at com.droom.automation.lib.SeleniumWrapper.verifyByContains(SeleniumWrapper.java:350)
at com.droom.automation.page.droomweb.SubmitRequirementPage.selectForBuy(SubmitRequirementPage.java:53)
at com.droom.automation.droomweb.droomweb_qa.SubmitRequirementTest.validatAlreadyRegisteredBuyerAsUsedTaxi(SubmitRequirementTest.java:395)
at java.util.ArrayList.forEach(ArrayList.java:1257)
... Removed 31 stack frames]]>
    </failure>
  </testcase> <!-- validatAlreadyRegisteredBuyerAsUsedTaxi -->
  <testcase name="validatSubmitRequirementAsBuyWithLoanAndInsuranceWithAutoloanAsCar" time="3.151" classname="com.droom.automation.droomweb.droomweb_qa.SubmitRequirementTest">
    <failure type="java.lang.AssertionError" message="did not expect to find [true] but found [false]">
      <![CDATA[java.lang.AssertionError: did not expect to find [true] but found [false]
at com.droom.automation.lib.SeleniumWrapper.verifyByContains(SeleniumWrapper.java:350)
at com.droom.automation.page.droomweb.SubmitRequirementPage.selectForBuy(SubmitRequirementPage.java:53)
at com.droom.automation.droomweb.droomweb_qa.SubmitRequirementTest.validatSubmitRequirementAsBuyWithLoanAndInsuranceWithAutoloanAsCar(SubmitRequirementTest.java:414)
at java.util.ArrayList.forEach(ArrayList.java:1257)
... Removed 31 stack frames]]>
    </failure>
  </testcase> <!-- validatSubmitRequirementAsBuyWithLoanAndInsuranceWithAutoloanAsCar -->
  <testcase name="validatSubmitRequirementAsBuyWithLoanAndInsuranceWithAutoloanAsMotorCycleOrBike" time="4.204" classname="com.droom.automation.droomweb.droomweb_qa.SubmitRequirementTest">
    <failure type="java.lang.AssertionError" message="did not expect to find [true] but found [false]">
      <![CDATA[java.lang.AssertionError: did not expect to find [true] but found [false]
at com.droom.automation.lib.SeleniumWrapper.verifyByContains(SeleniumWrapper.java:350)
at com.droom.automation.page.droomweb.SubmitRequirementPage.selectForBuy(SubmitRequirementPage.java:53)
at com.droom.automation.droomweb.droomweb_qa.SubmitRequirementTest.validatSubmitRequirementAsBuyWithLoanAndInsuranceWithAutoloanAsMotorCycleOrBike(SubmitRequirementTest.java:431)
at java.util.ArrayList.forEach(ArrayList.java:1257)
... Removed 31 stack frames]]>
    </failure>
  </testcase> <!-- validatSubmitRequirementAsBuyWithLoanAndInsuranceWithAutoloanAsMotorCycleOrBike -->
  <testcase name="validatSubmitRequirementAsBuyWithLoanAndInsuranceWithAutoloanAsScooter" time="27.3" classname="com.droom.automation.droomweb.droomweb_qa.SubmitRequirementTest"/>
  <testcase name="validatSubmitRequirementAsBuyWithLoanAndInsuranceWithAutoloanAsTaxi" time="25.196" classname="com.droom.automation.droomweb.droomweb_qa.SubmitRequirementTest"/>
  <testcase name="validatSubmitRequirementAsBuyWithLoanAndInsuranceWithoutAutoloanAsCar" time="22.632" classname="com.droom.automation.droomweb.droomweb_qa.SubmitRequirementTest"/>
  <testcase name="validatSubmitRequirementAsBuyWithLoanAndInsuranceWithoutAutoloanAsMotorCycleOrBike" time="22.482" classname="com.droom.automation.droomweb.droomweb_qa.SubmitRequirementTest"/>
  <testcase name="validatSubmitRequirementAsBuyWithLoanAndInsuranceWithoutAutoloanAsScooter" time="22.173" classname="com.droom.automation.droomweb.droomweb_qa.SubmitRequirementTest"/>
  <testcase name="validatSubmitRequirementAsBuyWithLoanAndInsuranceWithoutAutoloanAsTaxi" time="21.787" classname="com.droom.automation.droomweb.droomweb_qa.SubmitRequirementTest"/>
  <testcase name="validatSubmitRequirementAsBuyWithCertificationServicesAsCar" time="4.023" classname="com.droom.automation.droomweb.droomweb_qa.SubmitRequirementTest">
    <failure type="java.lang.AssertionError" message="did not expect to find [true] but found [false]">
      <![CDATA[java.lang.AssertionError: did not expect to find [true] but found [false]
at com.droom.automation.lib.SeleniumWrapper.verifyByContains(SeleniumWrapper.java:350)
at com.droom.automation.page.droomweb.SubmitRequirementPage.selectForBuy(SubmitRequirementPage.java:53)
at com.droom.automation.droomweb.droomweb_qa.SubmitRequirementTest.validatSubmitRequirementAsBuyWithCertificationServicesAsCar(SubmitRequirementTest.java:554)
at java.util.ArrayList.forEach(ArrayList.java:1257)
... Removed 31 stack frames]]>
    </failure>
  </testcase> <!-- validatSubmitRequirementAsBuyWithCertificationServicesAsCar -->
  <testcase name="validatSubmitRequirementAsBuyWithCertificationServicesAsMotorCycleOrBike" time="19.788" classname="com.droom.automation.droomweb.droomweb_qa.SubmitRequirementTest"/>
  <testcase name="validatSubmitRequirementAsBuyWithCertificationServicesAsScooter" time="16.771" classname="com.droom.automation.droomweb.droomweb_qa.SubmitRequirementTest">
    <failure type="java.sql.SQLException" message="Illegal operation on empty result set.">
      <![CDATA[java.sql.SQLException: Illegal operation on empty result set.
at com.mysql.cj.jdbc.exceptions.SQLError.createSQLException(SQLError.java:129)
at com.mysql.cj.jdbc.exceptions.SQLError.createSQLException(SQLError.java:97)
at com.mysql.cj.jdbc.exceptions.SQLError.createSQLException(SQLError.java:89)
at com.mysql.cj.jdbc.exceptions.SQLError.createSQLException(SQLError.java:63)
at com.mysql.cj.jdbc.result.ResultSetImpl.checkRowPos(ResultSetImpl.java:492)
at com.mysql.cj.jdbc.result.ResultSetImpl.getString(ResultSetImpl.java:845)
at com.mysql.cj.jdbc.result.ResultSetImpl.getString(ResultSetImpl.java:863)
at com.droom.automation.lib.DataBaseDemo.otpAsString(DataBaseDemo.java:51)
at com.droom.automation.page.droomweb.SubmitRequirementPage.continueToOtpPopup(SubmitRequirementPage.java:174)
at com.droom.automation.droomweb.droomweb_qa.SubmitRequirementTest.validatSubmitRequirementAsBuyWithCertificationServicesAsScooter(SubmitRequirementTest.java:592)
at java.util.ArrayList.forEach(ArrayList.java:1257)
... Removed 27 stack frames]]>
    </failure>
  </testcase> <!-- validatSubmitRequirementAsBuyWithCertificationServicesAsScooter -->
  <testcase name="validatSubmitRequirementAsBuyWithCertificationServicesAsTaxi" time="4.285" classname="com.droom.automation.droomweb.droomweb_qa.SubmitRequirementTest">
    <failure type="java.lang.AssertionError" message="did not expect to find [true] but found [false]">
      <![CDATA[java.lang.AssertionError: did not expect to find [true] but found [false]
at com.droom.automation.lib.SeleniumWrapper.verifyByContains(SeleniumWrapper.java:350)
at com.droom.automation.page.droomweb.SubmitRequirementPage.selectForBuy(SubmitRequirementPage.java:53)
at com.droom.automation.droomweb.droomweb_qa.SubmitRequirementTest.validatSubmitRequirementAsBuyWithCertificationServicesAsTaxi(SubmitRequirementTest.java:602)
at java.util.ArrayList.forEach(ArrayList.java:1257)
... Removed 31 stack frames]]>
    </failure>
  </testcase> <!-- validatSubmitRequirementAsBuyWithCertificationServicesAsTaxi -->
  <testcase name="validateSubmitRequirementWithBuyAutomobileServicesAsRegistrationTransferServiceAsCar" time="15.105" classname="com.droom.automation.droomweb.droomweb_qa.SubmitRequirementTest"/>
  <testcase name="validateSubmitRequirementWithBuyAutomobileServicesAsRegistrationTransferServiceAsMotorCycleOrBike" time="2.794" classname="com.droom.automation.droomweb.droomweb_qa.SubmitRequirementTest">
    <failure type="java.lang.AssertionError" message="did not expect to find [true] but found [false]">
      <![CDATA[java.lang.AssertionError: did not expect to find [true] but found [false]
at com.droom.automation.lib.SeleniumWrapper.verifyByContains(SeleniumWrapper.java:350)
at com.droom.automation.page.droomweb.SubmitRequirementPage.selectForBuy(SubmitRequirementPage.java:53)
at com.droom.automation.droomweb.droomweb_qa.SubmitRequirementTest.validateSubmitRequirementWithBuyAutomobileServicesAsRegistrationTransferServiceAsMotorCycleOrBike(SubmitRequirementTest.java:640)
at java.util.ArrayList.forEach(ArrayList.java:1257)
... Removed 31 stack frames]]>
    </failure>
  </testcase> <!-- validateSubmitRequirementWithBuyAutomobileServicesAsRegistrationTransferServiceAsMotorCycleOrBike -->
  <testcase name="validateSubmitRequirementWithBuyAutomobileServicesAsRegistrationTransferServiceAsScooter" time="14.073" classname="com.droom.automation.droomweb.droomweb_qa.SubmitRequirementTest"/>
  <testcase name="validateSubmitRequirementWithBuyAutomobileServicesAsRegistrationTransferServiceAsTaxi" time="14.005" classname="com.droom.automation.droomweb.droomweb_qa.SubmitRequirementTest"/>
  <testcase name="validateSubmitRequirementWithBuyAutomobileServicesAsRepairAndMaintenanceAsCar" time="15.992" classname="com.droom.automation.droomweb.droomweb_qa.SubmitRequirementTest"/>
  <testcase name="validateSubmitRequirementWithBuyAutomobileServicesAsRepairAndMaintenanceAsMotorCycleOrBike" time="14.623" classname="com.droom.automation.droomweb.droomweb_qa.SubmitRequirementTest"/>
  <testcase name="validateSubmitRequirementWithBuyAutomobileServicesAsRepairAndMaintenanceAsScooter" time="3.528" classname="com.droom.automation.droomweb.droomweb_qa.SubmitRequirementTest">
    <failure type="java.lang.AssertionError" message="did not expect to find [true] but found [false]">
      <![CDATA[java.lang.AssertionError: did not expect to find [true] but found [false]
at com.droom.automation.lib.SeleniumWrapper.verifyByContains(SeleniumWrapper.java:350)
at com.droom.automation.page.droomweb.SubmitRequirementPage.selectForBuy(SubmitRequirementPage.java:53)
at com.droom.automation.droomweb.droomweb_qa.SubmitRequirementTest.validateSubmitRequirementWithBuyAutomobileServicesAsRepairAndMaintenanceAsScooter(SubmitRequirementTest.java:733)
at java.util.ArrayList.forEach(ArrayList.java:1257)
... Removed 31 stack frames]]>
    </failure>
  </testcase> <!-- validateSubmitRequirementWithBuyAutomobileServicesAsRepairAndMaintenanceAsScooter -->
  <testcase name="validateSubmitRequirementWithBuyAutomobileServicesAsRepairAndMaintenanceAsTaxi" time="17.691" classname="com.droom.automation.droomweb.droomweb_qa.SubmitRequirementTest"/>
  <testcase name="validateSubmitRequirementWithBuyAutomobileServicesAsWarrantyAsCar" time="14.746" classname="com.droom.automation.droomweb.droomweb_qa.SubmitRequirementTest"/>
  <testcase name="validateSubmitRequirementWithBuyAutomobileServicesAsWarrantyAsMotorCycleOrBike" time="13.972" classname="com.droom.automation.droomweb.droomweb_qa.SubmitRequirementTest"/>
  <testcase name="validateSubmitRequirementWithBuyAutomobileServicesAsWarrantyAsScooter" time="2.766" classname="com.droom.automation.droomweb.droomweb_qa.SubmitRequirementTest">
    <failure type="java.lang.AssertionError" message="did not expect to find [true] but found [false]">
      <![CDATA[java.lang.AssertionError: did not expect to find [true] but found [false]
at com.droom.automation.lib.SeleniumWrapper.verifyByContains(SeleniumWrapper.java:350)
at com.droom.automation.page.droomweb.SubmitRequirementPage.selectForBuy(SubmitRequirementPage.java:53)
at com.droom.automation.droomweb.droomweb_qa.SubmitRequirementTest.validateSubmitRequirementWithBuyAutomobileServicesAsWarrantyAsScooter(SubmitRequirementTest.java:799)
at java.util.ArrayList.forEach(ArrayList.java:1257)
... Removed 31 stack frames]]>
    </failure>
  </testcase> <!-- validateSubmitRequirementWithBuyAutomobileServicesAsWarrantyAsScooter -->
  <testcase name="validateSubmitRequirementWithBuyAutomobileServicesAsWarrantyAsTaxi" time="3.791" classname="com.droom.automation.droomweb.droomweb_qa.SubmitRequirementTest">
    <failure type="java.lang.AssertionError" message="did not expect to find [true] but found [false]">
      <![CDATA[java.lang.AssertionError: did not expect to find [true] but found [false]
at com.droom.automation.lib.SeleniumWrapper.verifyByContains(SeleniumWrapper.java:350)
at com.droom.automation.page.droomweb.SubmitRequirementPage.selectForBuy(SubmitRequirementPage.java:53)
at com.droom.automation.droomweb.droomweb_qa.SubmitRequirementTest.validateSubmitRequirementWithBuyAutomobileServicesAsWarrantyAsTaxi(SubmitRequirementTest.java:814)
at java.util.ArrayList.forEach(ArrayList.java:1257)
... Removed 31 stack frames]]>
    </failure>
  </testcase> <!-- validateSubmitRequirementWithBuyAutomobileServicesAsWarrantyAsTaxi -->
  <testcase name="validateSubmitRequirementWithBuyAutomobileServicesAsRoadSideAssistanceAsCar" time="15.558" classname="com.droom.automation.droomweb.droomweb_qa.SubmitRequirementTest"/>
  <testcase name="validateSubmitRequirementWithBuyAutomobileServicesAsRoadSideAssistanceAsMotorCycleOrBike" time="4.905" classname="com.droom.automation.droomweb.droomweb_qa.SubmitRequirementTest">
    <failure type="java.lang.AssertionError" message="did not expect to find [true] but found [false]">
      <![CDATA[java.lang.AssertionError: did not expect to find [true] but found [false]
at com.droom.automation.lib.SeleniumWrapper.verifyByContains(SeleniumWrapper.java:350)
at com.droom.automation.page.droomweb.SubmitRequirementPage.selectForBuy(SubmitRequirementPage.java:53)
at com.droom.automation.droomweb.droomweb_qa.SubmitRequirementTest.validateSubmitRequirementWithBuyAutomobileServicesAsRoadSideAssistanceAsMotorCycleOrBike(SubmitRequirementTest.java:847)
at java.util.ArrayList.forEach(ArrayList.java:1257)
... Removed 31 stack frames]]>
    </failure>
  </testcase> <!-- validateSubmitRequirementWithBuyAutomobileServicesAsRoadSideAssistanceAsMotorCycleOrBike -->
  <testcase name="validateSubmitRequirementWithBuyAutomobileServicesAsRoadSideAssistanceAsScooter" time="8.238" classname="com.droom.automation.droomweb.droomweb_qa.SubmitRequirementTest">
    <failure type="java.lang.AssertionError" message="did not expect to find [true] but found [false]">
      <![CDATA[java.lang.AssertionError: did not expect to find [true] but found [false]
at com.droom.automation.lib.SeleniumWrapper.verifyByContains(SeleniumWrapper.java:350)
at com.droom.automation.page.droomweb.SubmitRequirementPage.selectForBuy(SubmitRequirementPage.java:53)
at com.droom.automation.droomweb.droomweb_qa.SubmitRequirementTest.validateSubmitRequirementWithBuyAutomobileServicesAsRoadSideAssistanceAsScooter(SubmitRequirementTest.java:862)
at java.util.ArrayList.forEach(ArrayList.java:1257)
... Removed 31 stack frames]]>
    </failure>
  </testcase> <!-- validateSubmitRequirementWithBuyAutomobileServicesAsRoadSideAssistanceAsScooter -->
  <testcase name="validateSubmitRequirementWithBuyAutomobileServicesAsRoadSideAssistanceAsTaxi" time="3.177" classname="com.droom.automation.droomweb.droomweb_qa.SubmitRequirementTest">
    <failure type="java.lang.AssertionError" message="did not expect to find [true] but found [false]">
      <![CDATA[java.lang.AssertionError: did not expect to find [true] but found [false]
at com.droom.automation.lib.SeleniumWrapper.verifyByContains(SeleniumWrapper.java:350)
at com.droom.automation.page.droomweb.SubmitRequirementPage.selectForBuy(SubmitRequirementPage.java:53)
at com.droom.automation.droomweb.droomweb_qa.SubmitRequirementTest.validateSubmitRequirementWithBuyAutomobileServicesAsRoadSideAssistanceAsTaxi(SubmitRequirementTest.java:877)
at java.util.ArrayList.forEach(ArrayList.java:1257)
... Removed 31 stack frames]]>
    </failure>
  </testcase> <!-- validateSubmitRequirementWithBuyAutomobileServicesAsRoadSideAssistanceAsTaxi -->
  <testcase name="validateSubmitRequirementWithBuyAutomobileServicesAsDentingAndPaintingAsCar" time="4.717" classname="com.droom.automation.droomweb.droomweb_qa.SubmitRequirementTest">
    <failure type="java.lang.AssertionError" message="did not expect to find [true] but found [false]">
      <![CDATA[java.lang.AssertionError: did not expect to find [true] but found [false]
at com.droom.automation.lib.SeleniumWrapper.verifyByContains(SeleniumWrapper.java:350)
at com.droom.automation.page.droomweb.SubmitRequirementPage.selectForBuy(SubmitRequirementPage.java:53)
at com.droom.automation.droomweb.droomweb_qa.SubmitRequirementTest.validateSubmitRequirementWithBuyAutomobileServicesAsDentingAndPaintingAsCar(SubmitRequirementTest.java:895)
at java.util.ArrayList.forEach(ArrayList.java:1257)
... Removed 31 stack frames]]>
    </failure>
  </testcase> <!-- validateSubmitRequirementWithBuyAutomobileServicesAsDentingAndPaintingAsCar -->
  <testcase name="validateSubmitRequirementWithBuyAutomobileServicesAsDentingAndPaintingAsMotorCycleOrBike" time="15.046" classname="com.droom.automation.droomweb.droomweb_qa.SubmitRequirementTest"/>
  <testcase name="validateSubmitRequirementWithBuyAutomobileServicesAsDentingAndPaintingAsScooter" time="3.545" classname="com.droom.automation.droomweb.droomweb_qa.SubmitRequirementTest">
    <failure type="java.lang.AssertionError" message="did not expect to find [true] but found [false]">
      <![CDATA[java.lang.AssertionError: did not expect to find [true] but found [false]
at com.droom.automation.lib.SeleniumWrapper.verifyByContains(SeleniumWrapper.java:350)
at com.droom.automation.page.droomweb.SubmitRequirementPage.selectForBuy(SubmitRequirementPage.java:53)
at com.droom.automation.droomweb.droomweb_qa.SubmitRequirementTest.validateSubmitRequirementWithBuyAutomobileServicesAsDentingAndPaintingAsScooter(SubmitRequirementTest.java:925)
at java.util.ArrayList.forEach(ArrayList.java:1257)
... Removed 31 stack frames]]>
    </failure>
  </testcase> <!-- validateSubmitRequirementWithBuyAutomobileServicesAsDentingAndPaintingAsScooter -->
  <testcase name="validateSubmitRequirementWithBuyAutomobileServicesAsDentingAndPaintingAsTaxi" time="6.224" classname="com.droom.automation.droomweb.droomweb_qa.SubmitRequirementTest">
    <failure type="java.lang.AssertionError" message="did not expect to find [true] but found [false]">
      <![CDATA[java.lang.AssertionError: did not expect to find [true] but found [false]
at com.droom.automation.lib.SeleniumWrapper.verifyByContains(SeleniumWrapper.java:350)
at com.droom.automation.page.droomweb.SubmitRequirementPage.selectForBuy(SubmitRequirementPage.java:53)
at com.droom.automation.droomweb.droomweb_qa.SubmitRequirementTest.validateSubmitRequirementWithBuyAutomobileServicesAsDentingAndPaintingAsTaxi(SubmitRequirementTest.java:940)
at java.util.ArrayList.forEach(ArrayList.java:1257)
... Removed 31 stack frames]]>
    </failure>
  </testcase> <!-- validateSubmitRequirementWithBuyAutomobileServicesAsDentingAndPaintingAsTaxi -->
  <testcase name="validateSubmitRequirementWithBuyAutomobileServicesAsCarCareAndDetailingAsCar" time="3.318" classname="com.droom.automation.droomweb.droomweb_qa.SubmitRequirementTest">
    <failure type="java.lang.AssertionError" message="did not expect to find [true] but found [false]">
      <![CDATA[java.lang.AssertionError: did not expect to find [true] but found [false]
at com.droom.automation.lib.SeleniumWrapper.verifyByContains(SeleniumWrapper.java:350)
at com.droom.automation.page.droomweb.SubmitRequirementPage.selectForBuy(SubmitRequirementPage.java:53)
at com.droom.automation.droomweb.droomweb_qa.SubmitRequirementTest.validateSubmitRequirementWithBuyAutomobileServicesAsCarCareAndDetailingAsCar(SubmitRequirementTest.java:958)
at java.util.ArrayList.forEach(ArrayList.java:1257)
... Removed 31 stack frames]]>
    </failure>
  </testcase> <!-- validateSubmitRequirementWithBuyAutomobileServicesAsCarCareAndDetailingAsCar -->
  <testcase name="validateSubmitRequirementWithBuyAutomobileServicesAsCarCareAndDetailingAsMotorCycleOrBike" time="3.495" classname="com.droom.automation.droomweb.droomweb_qa.SubmitRequirementTest">
    <failure type="java.lang.AssertionError" message="did not expect to find [true] but found [false]">
      <![CDATA[java.lang.AssertionError: did not expect to find [true] but found [false]
at com.droom.automation.lib.SeleniumWrapper.verifyByContains(SeleniumWrapper.java:350)
at com.droom.automation.page.droomweb.SubmitRequirementPage.selectForBuy(SubmitRequirementPage.java:53)
at com.droom.automation.droomweb.droomweb_qa.SubmitRequirementTest.validateSubmitRequirementWithBuyAutomobileServicesAsCarCareAndDetailingAsMotorCycleOrBike(SubmitRequirementTest.java:973)
at java.util.ArrayList.forEach(ArrayList.java:1257)
... Removed 31 stack frames]]>
    </failure>
  </testcase> <!-- validateSubmitRequirementWithBuyAutomobileServicesAsCarCareAndDetailingAsMotorCycleOrBike -->
  <testcase name="validateSubmitRequirementWithBuyAutomobileServicesAsCarCareAndDetailingAsScooter" time="14.943" classname="com.droom.automation.droomweb.droomweb_qa.SubmitRequirementTest"/>
  <testcase name="validateSubmitRequirementWithBuyAutomobileServicesAsCarCareAndDetailingAsTaxi" time="18.291" classname="com.droom.automation.droomweb.droomweb_qa.SubmitRequirementTest"/>
  <testcase name="registerForFranchise" time="20.189" classname="com.droom.automation.droomweb.droomweb_qa.FranchiseTest"/>
  <testcase name="paymentAmountForSignUpAsFranchise" time="52.821" classname="com.droom.automation.droomweb.droomweb_qa.FranchiseTest"/>
  <testcase name="paymentAmountForBookingCityAsFranchise" time="95.238" classname="com.droom.automation.droomweb.droomweb_qa.FranchiseTest"/>
  <testcase name="getSiteFranchiseAsUpFrontPaymentForOneMonth" time="117.386" classname="com.droom.automation.droomweb.droomweb_qa.FranchiseTest"/>
  <testcase name="getSiteFranchiseAsUpFrontPaymentForThreeMonth" time="82.953" classname="com.droom.automation.droomweb.droomweb_qa.FranchiseTest">
    <failure type="java.lang.AssertionError" message="did not expect to find [true] but found [false]">
      <![CDATA[java.lang.AssertionError: did not expect to find [true] but found [false]
at com.droom.automation.lib.SeleniumWrapper.verifyByContains(SeleniumWrapper.java:350)
at com.droom.automation.page.droomweb.FranchisePage.kycWithProceedToContinue(FranchisePage.java:134)
at com.droom.automation.droomweb.droomweb_qa.FranchiseTest.getSiteFranchiseAsUpFrontPaymentForThreeMonth(FranchiseTest.java:159)
at java.util.ArrayList.forEach(ArrayList.java:1257)
... Removed 31 stack frames]]>
    </failure>
  </testcase> <!-- getSiteFranchiseAsUpFrontPaymentForThreeMonth -->
  <testcase name="getSiteFranchiseAsUpFrontPaymentForSixMonth" time="100.317" classname="com.droom.automation.droomweb.droomweb_qa.FranchiseTest">
    <failure type="java.lang.AssertionError" message="did not expect to find [true] but found [false]">
      <![CDATA[java.lang.AssertionError: did not expect to find [true] but found [false]
at com.droom.automation.lib.SeleniumWrapper.verifyByContains(SeleniumWrapper.java:350)
at com.droom.automation.page.droomweb.FranchisePage.kycWithProceedToContinue(FranchisePage.java:134)
at com.droom.automation.droomweb.droomweb_qa.FranchiseTest.getSiteFranchiseAsUpFrontPaymentForSixMonth(FranchiseTest.java:194)
at java.util.ArrayList.forEach(ArrayList.java:1257)
... Removed 31 stack frames]]>
    </failure>
  </testcase> <!-- getSiteFranchiseAsUpFrontPaymentForSixMonth -->
  <testcase name="getSiteFranchiseAsEMIForOneMonth" time="95.224" classname="com.droom.automation.droomweb.droomweb_qa.FranchiseTest">
    <failure type="java.lang.AssertionError" message="did not expect to find [true] but found [false]">
      <![CDATA[java.lang.AssertionError: did not expect to find [true] but found [false]
at com.droom.automation.lib.SeleniumWrapper.verifyByContains(SeleniumWrapper.java:350)
at com.droom.automation.page.droomweb.FranchisePage.kycWithProceedToContinue(FranchisePage.java:134)
at com.droom.automation.droomweb.droomweb_qa.FranchiseTest.getSiteFranchiseAsEMIForOneMonth(FranchiseTest.java:230)
at java.util.ArrayList.forEach(ArrayList.java:1257)
... Removed 31 stack frames]]>
    </failure>
  </testcase> <!-- getSiteFranchiseAsEMIForOneMonth -->
  <testcase name="getSiteFranchiseAsEMIForThreeMonth" time="113.32" classname="com.droom.automation.droomweb.droomweb_qa.FranchiseTest"/>
  <testcase name="getSiteFranchiseAsEMIForSixMonth" time="60.715" classname="com.droom.automation.droomweb.droomweb_qa.FranchiseTest">
    <failure type="org.openqa.selenium.NoSuchElementException" message="no such element: Unable to locate element: {&amp;quot;method&amp;quot;:&amp;quot;xpath&amp;quot;,&amp;quot;selector&amp;quot;:&amp;quot;(//label[text()=&amp;apos;Net Banking&amp;apos;])[1]&amp;quot;}
  (Session info: chrome=85.0.4183.83)
For documentation on this error, please visit: https://www.seleniumhq.org/exceptions/no_such_element.html
Build info: version: &amp;apos;3.141.59&amp;apos;, revision: &amp;apos;e82be7d358&amp;apos;, time: &amp;apos;2018-11-14T08:17:03&amp;apos;
System info: host: &amp;apos;LAPTOP-64JMFN9V&amp;apos;, ip: &amp;apos;172.17.17.55&amp;apos;, os.name: &amp;apos;Windows 10&amp;apos;, os.arch: &amp;apos;amd64&amp;apos;, os.version: &amp;apos;10.0&amp;apos;, java.version: &amp;apos;1.8.0_181&amp;apos;
Driver info: org.openqa.selenium.chrome.ChromeDriver
Capabilities {acceptInsecureCerts: false, browserName: chrome, browserVersion: 85.0.4183.83, chrome: {chromedriverVersion: 85.0.4183.87 (cd6713ebf92fa..., userDataDir: C:\Users\Honey\AppData\Loca...}, goog:chromeOptions: {debuggerAddress: localhost:52867}, javascriptEnabled: true, networkConnectionEnabled: false, pageLoadStrategy: normal, platform: WINDOWS, platformName: WINDOWS, proxy: Proxy(), setWindowRect: true, strictFileInteractability: false, timeouts: {implicit: 0, pageLoad: 300000, script: 30000}, unhandledPromptBehavior: dismiss and notify, webauthn:virtualAuthenticators: true}
Session ID: f40317ac4af8c7ef0f6b17463c3d58bd
*** Element info: {Using=xpath, value=(//label[text()=&amp;apos;Net Banking&amp;apos;])[1]}">
      <![CDATA[org.openqa.selenium.NoSuchElementException: no such element: Unable to locate element: {"method":"xpath","selector":"(//label[text()='Net Banking'])[1]"}
  (Session info: chrome=85.0.4183.83)
For documentation on this error, please visit: https://www.seleniumhq.org/exceptions/no_such_element.html
Build info: version: '3.141.59', revision: 'e82be7d358', time: '2018-11-14T08:17:03'
System info: host: 'LAPTOP-64JMFN9V', ip: '172.17.17.55', os.name: 'Windows 10', os.arch: 'amd64', os.version: '10.0', java.version: '1.8.0_181'
Driver info: org.openqa.selenium.chrome.ChromeDriver
Capabilities {acceptInsecureCerts: false, browserName: chrome, browserVersion: 85.0.4183.83, chrome: {chromedriverVersion: 85.0.4183.87 (cd6713ebf92fa..., userDataDir: C:\Users\Honey\AppData\Loca...}, goog:chromeOptions: {debuggerAddress: localhost:52867}, javascriptEnabled: true, networkConnectionEnabled: false, pageLoadStrategy: normal, platform: WINDOWS, platformName: WINDOWS, proxy: Proxy(), setWindowRect: true, strictFileInteractability: false, timeouts: {implicit: 0, pageLoad: 300000, script: 30000}, unhandledPromptBehavior: dismiss and notify, webauthn:virtualAuthenticators: true}
Session ID: f40317ac4af8c7ef0f6b17463c3d58bd
*** Element info: {Using=xpath, value=(//label[text()='Net Banking'])[1]}
at org.openqa.selenium.remote.http.W3CHttpResponseCodec.createException(W3CHttpResponseCodec.java:187)
at org.openqa.selenium.remote.http.W3CHttpResponseCodec.decode(W3CHttpResponseCodec.java:122)
at org.openqa.selenium.remote.http.W3CHttpResponseCodec.decode(W3CHttpResponseCodec.java:49)
at org.openqa.selenium.remote.HttpCommandExecutor.execute(HttpCommandExecutor.java:158)
at org.openqa.selenium.remote.service.DriverCommandExecutor.execute(DriverCommandExecutor.java:83)
at org.openqa.selenium.remote.RemoteWebDriver.execute(RemoteWebDriver.java:552)
at org.openqa.selenium.remote.RemoteWebDriver.findElement(RemoteWebDriver.java:323)
at org.openqa.selenium.remote.RemoteWebDriver.findElementByXPath(RemoteWebDriver.java:428)
at org.openqa.selenium.By$ByXPath.findElement(By.java:353)
at org.openqa.selenium.remote.RemoteWebDriver.findElement(RemoteWebDriver.java:315)
at com.droom.automation.lib.SeleniumWrapper.verifyByText(SeleniumWrapper.java:341)
at com.droom.automation.page.droomweb.PaymentPage.paymentViaNetBanking(PaymentPage.java:22)
at com.droom.automation.droomweb.droomweb_qa.FranchiseTest.getSiteFranchiseAsEMIForSixMonth(FranchiseTest.java:297)
at java.util.ArrayList.forEach(ArrayList.java:1257)
... Removed 31 stack frames]]>
    </failure>
  </testcase> <!-- getSiteFranchiseAsEMIForSixMonth -->
  <testcase name="getEnterpriseFranchiseAsUpFrontPaymentForOneMonth" time="84.088" classname="com.droom.automation.droomweb.droomweb_qa.FranchiseTest">
    <failure type="java.lang.AssertionError" message="did not expect to find [true] but found [false]">
      <![CDATA[java.lang.AssertionError: did not expect to find [true] but found [false]
at com.droom.automation.lib.SeleniumWrapper.verifyByContains(SeleniumWrapper.java:350)
at com.droom.automation.page.droomweb.FranchisePage.kycWithProceedToContinue(FranchisePage.java:134)
at com.droom.automation.droomweb.droomweb_qa.FranchiseTest.getEnterpriseFranchiseAsUpFrontPaymentForOneMonth(FranchiseTest.java:336)
at java.util.ArrayList.forEach(ArrayList.java:1257)
... Removed 31 stack frames]]>
    </failure>
  </testcase> <!-- getEnterpriseFranchiseAsUpFrontPaymentForOneMonth -->
  <testcase name="getEnterpriseFranchiseAsUpFrontPaymentForThreeMonth" time="112.155" classname="com.droom.automation.droomweb.droomweb_qa.FranchiseTest"/>
  <testcase name="getEnterpriseFranchiseAsUpFrontPaymentForSixMonth" time="124.258" classname="com.droom.automation.droomweb.droomweb_qa.FranchiseTest"/>
  <testcase name="ValidatingFranchiseDashboard" time="17.047" classname="com.droom.automation.droomweb.droomweb_qa.FranchiseTest"/>
  <testcase name="ValidatingFranchiseMyOrdersAsAutomobileGermShield" time="34.082" classname="com.droom.automation.droomweb.droomweb_qa.FranchiseTest"/>
  <testcase name="ValidatingFranchiseMyOrdersAsFacilityGermShield" time="27.958" classname="com.droom.automation.droomweb.droomweb_qa.FranchiseTest"/>
  <testcase name="ValidatingFranchiseMyOrdersAsElevatorGermShield" time="28.416" classname="com.droom.automation.droomweb.droomweb_qa.FranchiseTest"/>
  <testcase name="ValidatingFranchiseMyOrdersAsJumpstartService" time="27.038" classname="com.droom.automation.droomweb.droomweb_qa.FranchiseTest"/>
  <testcase name="ValidatingFranchiseMyOrdersAsBigTransport" time="31.065" classname="com.droom.automation.droomweb.droomweb_qa.FranchiseTest"/>
  <testcase name="RegisteringBuyerAsAutomobileGermShield" time="35.715" classname="com.droom.automation.droomweb.droomweb_qa.FranchiseTest">
    <failure type="org.openqa.selenium.ElementNotInteractableException" message="element not interactable
  (Session info: chrome=85.0.4183.83)
Build info: version: &amp;apos;3.141.59&amp;apos;, revision: &amp;apos;e82be7d358&amp;apos;, time: &amp;apos;2018-11-14T08:17:03&amp;apos;
System info: host: &amp;apos;LAPTOP-64JMFN9V&amp;apos;, ip: &amp;apos;172.17.17.55&amp;apos;, os.name: &amp;apos;Windows 10&amp;apos;, os.arch: &amp;apos;amd64&amp;apos;, os.version: &amp;apos;10.0&amp;apos;, java.version: &amp;apos;1.8.0_181&amp;apos;
Driver info: org.openqa.selenium.chrome.ChromeDriver
Capabilities {acceptInsecureCerts: false, browserName: chrome, browserVersion: 85.0.4183.83, chrome: {chromedriverVersion: 85.0.4183.87 (cd6713ebf92fa..., userDataDir: C:\Users\Honey\AppData\Loca...}, goog:chromeOptions: {debuggerAddress: localhost:55612}, javascriptEnabled: true, networkConnectionEnabled: false, pageLoadStrategy: normal, platform: WINDOWS, platformName: WINDOWS, proxy: Proxy(), setWindowRect: true, strictFileInteractability: false, timeouts: {implicit: 0, pageLoad: 300000, script: 30000}, unhandledPromptBehavior: dismiss and notify, webauthn:virtualAuthenticators: true}
Session ID: 237131e7e81d20f782a009a0c967fd0b">
      <![CDATA[org.openqa.selenium.ElementNotInteractableException: element not interactable
  (Session info: chrome=85.0.4183.83)
Build info: version: '3.141.59', revision: 'e82be7d358', time: '2018-11-14T08:17:03'
System info: host: 'LAPTOP-64JMFN9V', ip: '172.17.17.55', os.name: 'Windows 10', os.arch: 'amd64', os.version: '10.0', java.version: '1.8.0_181'
Driver info: org.openqa.selenium.chrome.ChromeDriver
Capabilities {acceptInsecureCerts: false, browserName: chrome, browserVersion: 85.0.4183.83, chrome: {chromedriverVersion: 85.0.4183.87 (cd6713ebf92fa..., userDataDir: C:\Users\Honey\AppData\Loca...}, goog:chromeOptions: {debuggerAddress: localhost:55612}, javascriptEnabled: true, networkConnectionEnabled: false, pageLoadStrategy: normal, platform: WINDOWS, platformName: WINDOWS, proxy: Proxy(), setWindowRect: true, strictFileInteractability: false, timeouts: {implicit: 0, pageLoad: 300000, script: 30000}, unhandledPromptBehavior: dismiss and notify, webauthn:virtualAuthenticators: true}
Session ID: 237131e7e81d20f782a009a0c967fd0b
at org.openqa.selenium.remote.http.W3CHttpResponseCodec.createException(W3CHttpResponseCodec.java:187)
at org.openqa.selenium.remote.http.W3CHttpResponseCodec.decode(W3CHttpResponseCodec.java:122)
at org.openqa.selenium.remote.http.W3CHttpResponseCodec.decode(W3CHttpResponseCodec.java:49)
at org.openqa.selenium.remote.HttpCommandExecutor.execute(HttpCommandExecutor.java:158)
at org.openqa.selenium.remote.service.DriverCommandExecutor.execute(DriverCommandExecutor.java:83)
at org.openqa.selenium.remote.RemoteWebDriver.execute(RemoteWebDriver.java:552)
at org.openqa.selenium.remote.RemoteWebElement.execute(RemoteWebElement.java:285)
at org.openqa.selenium.remote.RemoteWebElement.clear(RemoteWebElement.java:124)
at com.droom.automation.lib.SeleniumWrapper.enterTextboxDetails(SeleniumWrapper.java:178)
at com.droom.automation.page.droomweb.LoginPage.loginValidationForIndividualAccount(LoginPage.java:75)
at com.droom.automation.page.droomweb.LoginPage.franchiseLoginValidation(LoginPage.java:199)
at com.droom.automation.page.droomweb.FranchisePage.enterPlaceAnOrder(FranchisePage.java:279)
at com.droom.automation.droomweb.droomweb_qa.FranchiseTest.RegisteringBuyerAsAutomobileGermShield(FranchiseTest.java:510)
at java.util.ArrayList.forEach(ArrayList.java:1257)
... Removed 31 stack frames]]>
    </failure>
  </testcase> <!-- RegisteringBuyerAsAutomobileGermShield -->
  <testcase name="RegisteringBuyerAsFacilityGermShield" time="35.791" classname="com.droom.automation.droomweb.droomweb_qa.FranchiseTest"/>
  <testcase name="RegisteringBuyerAsElevatorGermShield" time="44.413" classname="com.droom.automation.droomweb.droomweb_qa.FranchiseTest"/>
  <testcase name="RegisteringBuyerAsJumpstartService" time="34.346" classname="com.droom.automation.droomweb.droomweb_qa.FranchiseTest"/>
  <testcase name="RegisteringBuyerAsBigTransport" time="44.956" classname="com.droom.automation.droomweb.droomweb_qa.FranchiseTest"/>
  <testcase name="buyRTOServiceAsLoggedInUser" time="75.357" classname="com.droom.automation.droomweb.droomweb_qa.BuyFeatureTest"/>
  <testcase name="buyJumpstartServiceAsLoggedInUser" time="49.597" classname="com.droom.automation.droomweb.droomweb_qa.BuyFeatureTest"/>
  <testcase name="buyCarCareAndDetailingAsLoggedInUser" time="53.651" classname="com.droom.automation.droomweb.droomweb_qa.BuyFeatureTest"/>
  <testcase name="buyRTOServiceAsLoggedInLater" time="58.87" classname="com.droom.automation.droomweb.droomweb_qa.BuyFeatureTest"/>
  <testcase name="@BeforeTest beforeTest" time="0.0" classname="com.droom.automation.lib.AbstractBaseTest">
    <ignored/>
  </testcase> <!-- @BeforeTest beforeTest -->
  <testcase name="@BeforeTest beforeTest" time="0.0" classname="com.droom.automation.lib.AbstractBaseTest">
    <ignored/>
  </testcase> <!-- @BeforeTest beforeTest -->
  <testcase name="@BeforeTest beforeTest" time="0.0" classname="com.droom.automation.lib.AbstractBaseTest">
    <ignored/>
  </testcase> <!-- @BeforeTest beforeTest -->
  <testcase name="@BeforeTest beforeTest" time="0.0" classname="com.droom.automation.lib.AbstractBaseTest">
    <ignored/>
  </testcase> <!-- @BeforeTest beforeTest -->
  <testcase name="@BeforeTest beforeTest" time="0.0" classname="com.droom.automation.lib.AbstractBaseTest">
    <ignored/>
  </testcase> <!-- @BeforeTest beforeTest -->
  <testcase name="@BeforeSuite beforeSuite" time="0.0" classname="com.droom.automation.lib.AbstractBaseTest">
    <ignored/>
  </testcase> <!-- @BeforeSuite beforeSuite -->
  <testcase name="@BeforeSuite beforeSuite" time="0.0" classname="com.droom.automation.lib.AbstractBaseTest">
    <ignored/>
  </testcase> <!-- @BeforeSuite beforeSuite -->
  <testcase name="@BeforeSuite beforeSuite" time="0.0" classname="com.droom.automation.lib.AbstractBaseTest">
    <ignored/>
  </testcase> <!-- @BeforeSuite beforeSuite -->
  <testcase name="@BeforeSuite beforeSuite" time="0.0" classname="com.droom.automation.lib.AbstractBaseTest">
    <ignored/>
  </testcase> <!-- @BeforeSuite beforeSuite -->
  <testcase name="@BeforeSuite beforeSuite" time="0.0" classname="com.droom.automation.lib.AbstractBaseTest">
    <ignored/>
  </testcase> <!-- @BeforeSuite beforeSuite -->
</testsuite> <!-- DroomWebAutomationTest -->
