<?xml version="1.0" encoding="UTF-8"?>
<!-- Generated by org.testng.reporters.JUnitXMLReporter -->
<testsuite hostname="LAPTOP-64JMFN9V" ignored="12" name="Test" tests="93" failures="9" timestamp="2020-09-09T12:21:01 IST" time="4251.22" errors="0">
  <testcase name="loginAsIndividualUserViaPassword" time="7.708" classname="com.droom.automation.droomweb.droomweb_prod.UserLoginTest"/>
  <testcase name="inValidIDloginAsIndividualUserViaPassword" time="13.809" classname="com.droom.automation.droomweb.droomweb_prod.UserLoginTest"/>
  <testcase name="inValidPasswordloginAsIndividualUserViaPassword" time="6.872" classname="com.droom.automation.droomweb.droomweb_prod.UserLoginTest"/>
  <testcase name="loginAsProSellerViaPassword" time="10.235" classname="com.droom.automation.droomweb.droomweb_prod.UserLoginTest"/>
  <testcase name="inValidLoginIDAsProSellerViaPassword" time="4.962" classname="com.droom.automation.droomweb.droomweb_prod.UserLoginTest"/>
  <testcase name="inValidLoginPasswordAsProSellerViaPassword" time="5.117" classname="com.droom.automation.droomweb.droomweb_prod.UserLoginTest"/>
  <testcase name="buyGermShieldServiceViaHomePageAsLoggedInUser" time="59.851" classname="com.droom.automation.droomweb.droomweb_prod.BuyGermShieldServiceTest">
    <failure type="org.openqa.selenium.NoSuchElementException" message="no such element: Unable to locate element: {&amp;quot;method&amp;quot;:&amp;quot;xpath&amp;quot;,&amp;quot;selector&amp;quot;:&amp;quot;//a[@id=&amp;apos;proceed-to-checkout&amp;apos;]&amp;quot;}
  (Session info: chrome=85.0.4183.83)
For documentation on this error, please visit: https://www.seleniumhq.org/exceptions/no_such_element.html
Build info: version: &amp;apos;3.141.59&amp;apos;, revision: &amp;apos;e82be7d358&amp;apos;, time: &amp;apos;2018-11-14T08:17:03&amp;apos;
System info: host: &amp;apos;LAPTOP-64JMFN9V&amp;apos;, ip: &amp;apos;192.168.0.103&amp;apos;, os.name: &amp;apos;Windows 10&amp;apos;, os.arch: &amp;apos;amd64&amp;apos;, os.version: &amp;apos;10.0&amp;apos;, java.version: &amp;apos;1.8.0_181&amp;apos;
Driver info: org.openqa.selenium.chrome.ChromeDriver
Capabilities {acceptInsecureCerts: false, browserName: chrome, browserVersion: 85.0.4183.83, chrome: {chromedriverVersion: 85.0.4183.87 (cd6713ebf92fa..., userDataDir: C:\Users\Honey\AppData\Loca...}, goog:chromeOptions: {debuggerAddress: localhost:49926}, javascriptEnabled: true, networkConnectionEnabled: false, pageLoadStrategy: normal, platform: WINDOWS, platformName: WINDOWS, proxy: Proxy(), setWindowRect: true, strictFileInteractability: false, timeouts: {implicit: 0, pageLoad: 300000, script: 30000}, unhandledPromptBehavior: dismiss and notify, webauthn:virtualAuthenticators: true}
Session ID: 28f34daab03b81cb219a5a984b29bacf
*** Element info: {Using=xpath, value=//a[@id=&amp;apos;proceed-to-checkout&amp;apos;]}">
      <![CDATA[org.openqa.selenium.NoSuchElementException: no such element: Unable to locate element: {"method":"xpath","selector":"//a[@id='proceed-to-checkout']"}
  (Session info: chrome=85.0.4183.83)
For documentation on this error, please visit: https://www.seleniumhq.org/exceptions/no_such_element.html
Build info: version: '3.141.59', revision: 'e82be7d358', time: '2018-11-14T08:17:03'
System info: host: 'LAPTOP-64JMFN9V', ip: '192.168.0.103', os.name: 'Windows 10', os.arch: 'amd64', os.version: '10.0', java.version: '1.8.0_181'
Driver info: org.openqa.selenium.chrome.ChromeDriver
Capabilities {acceptInsecureCerts: false, browserName: chrome, browserVersion: 85.0.4183.83, chrome: {chromedriverVersion: 85.0.4183.87 (cd6713ebf92fa..., userDataDir: C:\Users\Honey\AppData\Loca...}, goog:chromeOptions: {debuggerAddress: localhost:49926}, javascriptEnabled: true, networkConnectionEnabled: false, pageLoadStrategy: normal, platform: WINDOWS, platformName: WINDOWS, proxy: Proxy(), setWindowRect: true, strictFileInteractability: false, timeouts: {implicit: 0, pageLoad: 300000, script: 30000}, unhandledPromptBehavior: dismiss and notify, webauthn:virtualAuthenticators: true}
Session ID: 28f34daab03b81cb219a5a984b29bacf
*** Element info: {Using=xpath, value=//a[@id='proceed-to-checkout']}
at org.openqa.selenium.remote.http.W3CHttpResponseCodec.createException(W3CHttpResponseCodec.java:187)
at org.openqa.selenium.remote.http.W3CHttpResponseCodec.decode(W3CHttpResponseCodec.java:122)
at org.openqa.selenium.remote.http.W3CHttpResponseCodec.decode(W3CHttpResponseCodec.java:49)
at org.openqa.selenium.remote.HttpCommandExecutor.execute(HttpCommandExecutor.java:158)
at org.openqa.selenium.remote.service.DriverCommandExecutor.execute(DriverCommandExecutor.java:83)
at org.openqa.selenium.remote.RemoteWebDriver.execute(RemoteWebDriver.java:552)
at org.openqa.selenium.remote.RemoteWebDriver.findElement(RemoteWebDriver.java:323)
at org.openqa.selenium.remote.RemoteWebDriver.findElementByXPath(RemoteWebDriver.java:428)
at org.openqa.selenium.By$ByXPath.findElement(By.java:353)
at org.openqa.selenium.remote.RemoteWebDriver.findElement(RemoteWebDriver.java:315)
at com.droom.automation.lib.SeleniumWrapper.verifyByAttributeByID(SeleniumWrapper.java:378)
at com.droom.automation.page.droomweb.PaymentPage.proceedToCheckout(PaymentPage.java:42)
at com.droom.automation.page.droomweb.GermShieldAntimicrobialCoatingPage.germShieldAntimicrobialCoatingValidation(GermShieldAntimicrobialCoatingPage.java:83)
at com.droom.automation.droomweb.droomweb_prod.BuyGermShieldServiceTest.buyGermShieldServiceViaHomePageAsLoggedInUser(BuyGermShieldServiceTest.java:39)
at java.util.ArrayList.forEach(ArrayList.java:1257)
... Removed 31 stack frames]]>
    </failure>
  </testcase> <!-- buyGermShieldServiceViaHomePageAsLoggedInUser -->
  <testcase name="buyGermShieldElevatorService" time="69.977" classname="com.droom.automation.droomweb.droomweb_prod.BuyGermShieldServiceTest"/>
  <testcase name="buyGermShieldForOtherFacility" time="54.14" classname="com.droom.automation.droomweb.droomweb_prod.BuyGermShieldServiceTest"/>
  <testcase name="buyGermShieldForAutomobileAsHatchback" time="47.621" classname="com.droom.automation.droomweb.droomweb_prod.BuyGermShieldServiceTest"/>
  <testcase name="buyGermShieldForAutomobileAsSedan" time="51.479" classname="com.droom.automation.droomweb.droomweb_prod.BuyGermShieldServiceTest"/>
  <testcase name="buyGermShieldForAutomobileAsBike" time="51.889" classname="com.droom.automation.droomweb.droomweb_prod.BuyGermShieldServiceTest"/>
  <testcase name="buyGermShieldForAutomobileAsScooter" time="54.268" classname="com.droom.automation.droomweb.droomweb_prod.BuyGermShieldServiceTest"/>
  <testcase name="buyGermShieldForAutomobileAsPremiumBike" time="54.713" classname="com.droom.automation.droomweb.droomweb_prod.BuyGermShieldServiceTest"/>
  <testcase name="buyGermShieldForAutomobileAsBus" time="53.544" classname="com.droom.automation.droomweb.droomweb_prod.BuyGermShieldServiceTest"/>
  <testcase name="buyGermShieldForHomeAsIndependent" time="56.057" classname="com.droom.automation.droomweb.droomweb_prod.BuyGermShieldServiceTest"/>
  <testcase name="buyGermShieldForHomeAsBungalow" time="59.072" classname="com.droom.automation.droomweb.droomweb_prod.BuyGermShieldServiceTest"/>
  <testcase name="buyGermShieldForHomeAsFlat" time="55.517" classname="com.droom.automation.droomweb.droomweb_prod.BuyGermShieldServiceTest"/>
  <testcase name="buyGermShieldForHomeAsVilla" time="59.88" classname="com.droom.automation.droomweb.droomweb_prod.BuyGermShieldServiceTest"/>
  <testcase name="buyGermShieldForHomeAsPenthouse" time="81.817" classname="com.droom.automation.droomweb.droomweb_prod.BuyGermShieldServiceTest"/>
  <testcase name="buyGermShieldForHomeAsFarmhouse" time="58.63" classname="com.droom.automation.droomweb.droomweb_prod.BuyGermShieldServiceTest"/>
  <testcase name="buyGermShieldForOfficeAsIndependentBuilding" time="47.245" classname="com.droom.automation.droomweb.droomweb_prod.BuyGermShieldServiceTest"/>
  <testcase name="buyGermShieldForOfficeAsHighRiseBuilding" time="47.834" classname="com.droom.automation.droomweb.droomweb_prod.BuyGermShieldServiceTest"/>
  <testcase name="buyGermShieldForOfficeAsCoWorkingSpace" time="47.032" classname="com.droom.automation.droomweb.droomweb_prod.BuyGermShieldServiceTest"/>
  <testcase name="buyGermShieldForHeavyTransportAsPlane" time="61.778" classname="com.droom.automation.droomweb.droomweb_prod.BuyGermShieldServiceTest"/>
  <testcase name="buyGermShieldForHeavyTransportAsHelicopter" time="62.562" classname="com.droom.automation.droomweb.droomweb_prod.BuyGermShieldServiceTest"/>
  <testcase name="buyGermShieldForHeavyTransportAsTrain" time="66.625" classname="com.droom.automation.droomweb.droomweb_prod.BuyGermShieldServiceTest"/>
  <testcase name="validatAlreadyRegisteredBuyerAsNewCar" time="33.371" classname="com.droom.automation.droomweb.droomweb_prod.SubmitRequirementTest"/>
  <testcase name="validatAlreadyRegisteredBuyerAsNewMotorCycleOrBike" time="34.356" classname="com.droom.automation.droomweb.droomweb_prod.SubmitRequirementTest"/>
  <testcase name="validatAlreadyRegisteredBuyerAsNewScooter" time="34.485" classname="com.droom.automation.droomweb.droomweb_prod.SubmitRequirementTest"/>
  <testcase name="validatAlreadyRegisteredBuyerAsNewTaxi" time="34.164" classname="com.droom.automation.droomweb.droomweb_prod.SubmitRequirementTest"/>
  <testcase name="validatAlreadyRegisteredBuyerAsUsedCar" time="30.902" classname="com.droom.automation.droomweb.droomweb_prod.SubmitRequirementTest">
    <failure type="java.lang.AssertionError" message="did not expect to find [true] but found [false]">
      <![CDATA[java.lang.AssertionError: did not expect to find [true] but found [false]
at com.droom.automation.lib.SeleniumWrapper.verifyByContains(SeleniumWrapper.java:350)
at com.droom.automation.page.droomweb.SubmitRequirementPage.howQuicklyPopup(SubmitRequirementPage.java:251)
at com.droom.automation.page.droomweb.SubmitRequirementPage.commonMethodForCarBikeScootyTaxi(SubmitRequirementPage.java:319)
at com.droom.automation.droomweb.droomweb_prod.SubmitRequirementTest.validatAlreadyRegisteredBuyerAsUsedCar(SubmitRequirementTest.java:134)
at java.util.ArrayList.forEach(ArrayList.java:1257)
... Removed 31 stack frames]]>
    </failure>
  </testcase> <!-- validatAlreadyRegisteredBuyerAsUsedCar -->
  <testcase name="validatAlreadyRegisteredBuyerAsUsedMotorCycleOrBike" time="31.959" classname="com.droom.automation.droomweb.droomweb_prod.SubmitRequirementTest"/>
  <testcase name="validatAlreadyRegisteredBuyerAsUsedScooter" time="31.899" classname="com.droom.automation.droomweb.droomweb_prod.SubmitRequirementTest"/>
  <testcase name="validatAlreadyRegisteredBuyerAsUsedTaxi" time="31.92" classname="com.droom.automation.droomweb.droomweb_prod.SubmitRequirementTest"/>
  <testcase name="validateSubmitRequirementWithBuyAutomobileServicesAsRegistrationTransferServiceAsCar" time="15.149" classname="com.droom.automation.droomweb.droomweb_prod.SubmitRequirementTest"/>
  <testcase name="validateSubmitRequirementWithBuyAutomobileServicesAsRegistrationTransferServiceAsMotorCycleOrBike" time="14.158" classname="com.droom.automation.droomweb.droomweb_prod.SubmitRequirementTest"/>
  <testcase name="validateSubmitRequirementWithBuyAutomobileServicesAsRegistrationTransferServiceAsScooter" time="14.106" classname="com.droom.automation.droomweb.droomweb_prod.SubmitRequirementTest"/>
  <testcase name="validateSubmitRequirementWithBuyAutomobileServicesAsRegistrationTransferServiceAsTaxi" time="14.194" classname="com.droom.automation.droomweb.droomweb_prod.SubmitRequirementTest"/>
  <testcase name="validateSubmitRequirementWithBuyAutomobileServicesAsRepairAndMaintenanceAsCar" time="15.43" classname="com.droom.automation.droomweb.droomweb_prod.SubmitRequirementTest"/>
  <testcase name="validateSubmitRequirementWithBuyAutomobileServicesAsRepairAndMaintenanceAsMotorCycleOrBike" time="14.297" classname="com.droom.automation.droomweb.droomweb_prod.SubmitRequirementTest"/>
  <testcase name="validateSubmitRequirementWithBuyAutomobileServicesAsRepairAndMaintenanceAsScooter" time="14.445" classname="com.droom.automation.droomweb.droomweb_prod.SubmitRequirementTest"/>
  <testcase name="validateSubmitRequirementWithBuyAutomobileServicesAsRepairAndMaintenanceAsTaxi" time="14.253" classname="com.droom.automation.droomweb.droomweb_prod.SubmitRequirementTest"/>
  <testcase name="validateSubmitRequirementWithBuyAutomobileServicesAsWarrantyAsCar" time="15.843" classname="com.droom.automation.droomweb.droomweb_prod.SubmitRequirementTest"/>
  <testcase name="validateSubmitRequirementWithBuyAutomobileServicesAsWarrantyAsMotorCycleOrBike" time="14.221" classname="com.droom.automation.droomweb.droomweb_prod.SubmitRequirementTest"/>
  <testcase name="validateSubmitRequirementWithBuyAutomobileServicesAsWarrantyAsScooter" time="14.25" classname="com.droom.automation.droomweb.droomweb_prod.SubmitRequirementTest"/>
  <testcase name="validateSubmitRequirementWithBuyAutomobileServicesAsWarrantyAsTaxi" time="15.206" classname="com.droom.automation.droomweb.droomweb_prod.SubmitRequirementTest"/>
  <testcase name="validateSubmitRequirementWithBuyAutomobileServicesAsRoadSideAssistanceAsCar" time="14.197" classname="com.droom.automation.droomweb.droomweb_prod.SubmitRequirementTest"/>
  <testcase name="validateSubmitRequirementWithBuyAutomobileServicesAsRoadSideAssistanceAsMotorCycleOrBike" time="14.393" classname="com.droom.automation.droomweb.droomweb_prod.SubmitRequirementTest"/>
  <testcase name="validateSubmitRequirementWithBuyAutomobileServicesAsRoadSideAssistanceAsScooter" time="14.31" classname="com.droom.automation.droomweb.droomweb_prod.SubmitRequirementTest"/>
  <testcase name="validateSubmitRequirementWithBuyAutomobileServicesAsRoadSideAssistanceAsTaxi" time="14.051" classname="com.droom.automation.droomweb.droomweb_prod.SubmitRequirementTest"/>
  <testcase name="validateSubmitRequirementWithBuyAutomobileServicesAsDentingAndPaintingAsCar" time="15.115" classname="com.droom.automation.droomweb.droomweb_prod.SubmitRequirementTest"/>
  <testcase name="validateSubmitRequirementWithBuyAutomobileServicesAsDentingAndPaintingAsMotorCycleOrBike" time="14.137" classname="com.droom.automation.droomweb.droomweb_prod.SubmitRequirementTest"/>
  <testcase name="validateSubmitRequirementWithBuyAutomobileServicesAsDentingAndPaintingAsScooter" time="14.327" classname="com.droom.automation.droomweb.droomweb_prod.SubmitRequirementTest"/>
  <testcase name="validateSubmitRequirementWithBuyAutomobileServicesAsDentingAndPaintingAsTaxi" time="14.449" classname="com.droom.automation.droomweb.droomweb_prod.SubmitRequirementTest"/>
  <testcase name="validateSubmitRequirementWithBuyAutomobileServicesAsCarCareAndDetailingAsCar" time="15.136" classname="com.droom.automation.droomweb.droomweb_prod.SubmitRequirementTest"/>
  <testcase name="validateSubmitRequirementWithBuyAutomobileServicesAsCarCareAndDetailingAsMotorCycleOrBike" time="14.048" classname="com.droom.automation.droomweb.droomweb_prod.SubmitRequirementTest"/>
  <testcase name="validateSubmitRequirementWithBuyAutomobileServicesAsCarCareAndDetailingAsScooter" time="14.109" classname="com.droom.automation.droomweb.droomweb_prod.SubmitRequirementTest"/>
  <testcase name="validateSubmitRequirementWithBuyAutomobileServicesAsCarCareAndDetailingAsTaxi" time="14.215" classname="com.droom.automation.droomweb.droomweb_prod.SubmitRequirementTest"/>
  <testcase name="serachForVehicleValidationAsLoggedInUser" time="53.994" classname="com.droom.automation.droomweb.droomweb_prod.SearchFeatureTest">
    <failure type="org.openqa.selenium.NoSuchElementException" message="no such element: Unable to locate element: {&amp;quot;method&amp;quot;:&amp;quot;xpath&amp;quot;,&amp;quot;selector&amp;quot;:&amp;quot;//button[@id=&amp;apos;cart_add&amp;apos;]//span&amp;quot;}
  (Session info: chrome=85.0.4183.83)
For documentation on this error, please visit: https://www.seleniumhq.org/exceptions/no_such_element.html
Build info: version: &amp;apos;3.141.59&amp;apos;, revision: &amp;apos;e82be7d358&amp;apos;, time: &amp;apos;2018-11-14T08:17:03&amp;apos;
System info: host: &amp;apos;LAPTOP-64JMFN9V&amp;apos;, ip: &amp;apos;192.168.0.103&amp;apos;, os.name: &amp;apos;Windows 10&amp;apos;, os.arch: &amp;apos;amd64&amp;apos;, os.version: &amp;apos;10.0&amp;apos;, java.version: &amp;apos;1.8.0_181&amp;apos;
Driver info: org.openqa.selenium.chrome.ChromeDriver
Capabilities {acceptInsecureCerts: false, browserName: chrome, browserVersion: 85.0.4183.83, chrome: {chromedriverVersion: 85.0.4183.87 (cd6713ebf92fa..., userDataDir: C:\Users\Honey\AppData\Loca...}, goog:chromeOptions: {debuggerAddress: localhost:54168}, javascriptEnabled: true, networkConnectionEnabled: false, pageLoadStrategy: normal, platform: WINDOWS, platformName: WINDOWS, proxy: Proxy(), setWindowRect: true, strictFileInteractability: false, timeouts: {implicit: 0, pageLoad: 300000, script: 30000}, unhandledPromptBehavior: dismiss and notify, webauthn:virtualAuthenticators: true}
Session ID: cfbf4feba64e7ebd071288a98ef3fa97
*** Element info: {Using=xpath, value=//button[@id=&amp;apos;cart_add&amp;apos;]//span}">
      <![CDATA[org.openqa.selenium.NoSuchElementException: no such element: Unable to locate element: {"method":"xpath","selector":"//button[@id='cart_add']//span"}
  (Session info: chrome=85.0.4183.83)
For documentation on this error, please visit: https://www.seleniumhq.org/exceptions/no_such_element.html
Build info: version: '3.141.59', revision: 'e82be7d358', time: '2018-11-14T08:17:03'
System info: host: 'LAPTOP-64JMFN9V', ip: '192.168.0.103', os.name: 'Windows 10', os.arch: 'amd64', os.version: '10.0', java.version: '1.8.0_181'
Driver info: org.openqa.selenium.chrome.ChromeDriver
Capabilities {acceptInsecureCerts: false, browserName: chrome, browserVersion: 85.0.4183.83, chrome: {chromedriverVersion: 85.0.4183.87 (cd6713ebf92fa..., userDataDir: C:\Users\Honey\AppData\Loca...}, goog:chromeOptions: {debuggerAddress: localhost:54168}, javascriptEnabled: true, networkConnectionEnabled: false, pageLoadStrategy: normal, platform: WINDOWS, platformName: WINDOWS, proxy: Proxy(), setWindowRect: true, strictFileInteractability: false, timeouts: {implicit: 0, pageLoad: 300000, script: 30000}, unhandledPromptBehavior: dismiss and notify, webauthn:virtualAuthenticators: true}
Session ID: cfbf4feba64e7ebd071288a98ef3fa97
*** Element info: {Using=xpath, value=//button[@id='cart_add']//span}
at org.openqa.selenium.remote.http.W3CHttpResponseCodec.createException(W3CHttpResponseCodec.java:187)
at org.openqa.selenium.remote.http.W3CHttpResponseCodec.decode(W3CHttpResponseCodec.java:122)
at org.openqa.selenium.remote.http.W3CHttpResponseCodec.decode(W3CHttpResponseCodec.java:49)
at org.openqa.selenium.remote.HttpCommandExecutor.execute(HttpCommandExecutor.java:158)
at org.openqa.selenium.remote.service.DriverCommandExecutor.execute(DriverCommandExecutor.java:83)
at org.openqa.selenium.remote.RemoteWebDriver.execute(RemoteWebDriver.java:552)
at org.openqa.selenium.remote.RemoteWebDriver.findElement(RemoteWebDriver.java:323)
at org.openqa.selenium.remote.RemoteWebDriver.findElementByXPath(RemoteWebDriver.java:428)
at org.openqa.selenium.By$ByXPath.findElement(By.java:353)
at org.openqa.selenium.remote.RemoteWebDriver.findElement(RemoteWebDriver.java:315)
at com.droom.automation.page.droomweb.SearchFeaturePage.searchForVehicle(SearchFeaturePage.java:50)
at com.droom.automation.droomweb.droomweb_prod.SearchFeatureTest.serachForVehicleValidationAsLoggedInUser(SearchFeatureTest.java:26)
at java.util.ArrayList.forEach(ArrayList.java:1257)
... Removed 31 stack frames]]>
    </failure>
  </testcase> <!-- serachForVehicleValidationAsLoggedInUser -->
  <testcase name="serachForBikeValidationAsLoggedInUser" time="74.074" classname="com.droom.automation.droomweb.droomweb_prod.SearchFeatureTest">
    <failure type="org.openqa.selenium.TimeoutException" message="Expected condition failed: waiting for presence of element located by: By.xpath: //img[@alt=&amp;apos;Royal Enfield Himalayan 410cc 2016&amp;apos;] (tried for 60 second(s) with 500 milliseconds interval)">
      <![CDATA[org.openqa.selenium.TimeoutException: Expected condition failed: waiting for presence of element located by: By.xpath: //img[@alt='Royal Enfield Himalayan 410cc 2016'] (tried for 60 second(s) with 500 milliseconds interval)
at org.openqa.selenium.support.ui.WebDriverWait.timeoutException(WebDriverWait.java:95)
at org.openqa.selenium.support.ui.FluentWait.until(FluentWait.java:272)
at com.droom.automation.lib.SeleniumWrapper.findElement(SeleniumWrapper.java:88)
at com.droom.automation.lib.SeleniumWrapper.executeClickOnElement(SeleniumWrapper.java:283)
at com.droom.automation.page.droomweb.SearchFeaturePage.searchForBike(SearchFeaturePage.java:71)
at com.droom.automation.droomweb.droomweb_prod.SearchFeatureTest.serachForBikeValidationAsLoggedInUser(SearchFeatureTest.java:34)
at java.util.ArrayList.forEach(ArrayList.java:1257)
Caused by: org.openqa.selenium.NoSuchElementException: no such element: Unable to locate element: {"method":"xpath","selector":"//img[@alt='Royal Enfield Himalayan 410cc 2016']"}
  (Session info: chrome=85.0.4183.83)
For documentation on this error, please visit: https://www.seleniumhq.org/exceptions/no_such_element.html
Build info: version: '3.141.59', revision: 'e82be7d358', time: '2018-11-14T08:17:03'
System info: host: 'LAPTOP-64JMFN9V', ip: '192.168.0.103', os.name: 'Windows 10', os.arch: 'amd64', os.version: '10.0', java.version: '1.8.0_181'
Driver info: org.openqa.selenium.chrome.ChromeDriver
Capabilities {acceptInsecureCerts: false, browserName: chrome, browserVersion: 85.0.4183.83, chrome: {chromedriverVersion: 85.0.4183.87 (cd6713ebf92fa..., userDataDir: C:\Users\Honey\AppData\Loca...}, goog:chromeOptions: {debuggerAddress: localhost:54269}, javascriptEnabled: true, networkConnectionEnabled: false, pageLoadStrategy: normal, platform: WINDOWS, platformName: WINDOWS, proxy: Proxy(), setWindowRect: true, strictFileInteractability: false, timeouts: {implicit: 0, pageLoad: 300000, script: 30000}, unhandledPromptBehavior: dismiss and notify, webauthn:virtualAuthenticators: true}
Session ID: abe61754458306a0e6346ffffce8d1ba
*** Element info: {Using=xpath, value=//img[@alt='Royal Enfield Himalayan 410cc 2016']}
at org.openqa.selenium.remote.http.W3CHttpResponseCodec.createException(W3CHttpResponseCodec.java:187)
at org.openqa.selenium.remote.http.W3CHttpResponseCodec.decode(W3CHttpResponseCodec.java:122)
at org.openqa.selenium.remote.http.W3CHttpResponseCodec.decode(W3CHttpResponseCodec.java:49)
at org.openqa.selenium.remote.HttpCommandExecutor.execute(HttpCommandExecutor.java:158)
at org.openqa.selenium.remote.service.DriverCommandExecutor.execute(DriverCommandExecutor.java:83)
at org.openqa.selenium.remote.RemoteWebDriver.execute(RemoteWebDriver.java:552)
at org.openqa.selenium.remote.RemoteWebDriver.findElement(RemoteWebDriver.java:323)
at org.openqa.selenium.remote.RemoteWebDriver.findElementByXPath(RemoteWebDriver.java:428)
at org.openqa.selenium.By$ByXPath.findElement(By.java:353)
at org.openqa.selenium.remote.RemoteWebDriver.findElement(RemoteWebDriver.java:315)
at org.openqa.selenium.support.ui.ExpectedConditions$6.apply(ExpectedConditions.java:182)
at org.openqa.selenium.support.ui.ExpectedConditions$6.apply(ExpectedConditions.java:179)
at org.openqa.selenium.support.ui.FluentWait.until(FluentWait.java:249)
... 32 more
... Removed 31 stack frames]]>
    </failure>
  </testcase> <!-- serachForBikeValidationAsLoggedInUser -->
  <testcase name="serachForScooterValidationAsLoggedInUserAtCheckout" time="50.661" classname="com.droom.automation.droomweb.droomweb_prod.SearchFeatureTest"/>
  <testcase name="serachForVehicleValidation" time="91.254" classname="com.droom.automation.droomweb.droomweb_prod.SearchFeatureTest">
    <failure type="org.openqa.selenium.NoSuchElementException" message="no such element: Unable to locate element: {&amp;quot;method&amp;quot;:&amp;quot;xpath&amp;quot;,&amp;quot;selector&amp;quot;:&amp;quot;//a[text()=&amp;apos;Continue to Addresses&amp;apos;]&amp;quot;}
  (Session info: chrome=85.0.4183.83)
For documentation on this error, please visit: https://www.seleniumhq.org/exceptions/no_such_element.html
Build info: version: &amp;apos;3.141.59&amp;apos;, revision: &amp;apos;e82be7d358&amp;apos;, time: &amp;apos;2018-11-14T08:17:03&amp;apos;
System info: host: &amp;apos;LAPTOP-64JMFN9V&amp;apos;, ip: &amp;apos;192.168.0.103&amp;apos;, os.name: &amp;apos;Windows 10&amp;apos;, os.arch: &amp;apos;amd64&amp;apos;, os.version: &amp;apos;10.0&amp;apos;, java.version: &amp;apos;1.8.0_181&amp;apos;
Driver info: org.openqa.selenium.chrome.ChromeDriver
Capabilities {acceptInsecureCerts: false, browserName: chrome, browserVersion: 85.0.4183.83, chrome: {chromedriverVersion: 85.0.4183.87 (cd6713ebf92fa..., userDataDir: C:\Users\Honey\AppData\Loca...}, goog:chromeOptions: {debuggerAddress: localhost:54466}, javascriptEnabled: true, networkConnectionEnabled: false, pageLoadStrategy: normal, platform: WINDOWS, platformName: WINDOWS, proxy: Proxy(), setWindowRect: true, strictFileInteractability: false, timeouts: {implicit: 0, pageLoad: 300000, script: 30000}, unhandledPromptBehavior: dismiss and notify, webauthn:virtualAuthenticators: true}
Session ID: 56e7ee17813d331c0ed6d831c70fc110
*** Element info: {Using=xpath, value=//a[text()=&amp;apos;Continue to Addresses&amp;apos;]}">
      <![CDATA[org.openqa.selenium.NoSuchElementException: no such element: Unable to locate element: {"method":"xpath","selector":"//a[text()='Continue to Addresses']"}
  (Session info: chrome=85.0.4183.83)
For documentation on this error, please visit: https://www.seleniumhq.org/exceptions/no_such_element.html
Build info: version: '3.141.59', revision: 'e82be7d358', time: '2018-11-14T08:17:03'
System info: host: 'LAPTOP-64JMFN9V', ip: '192.168.0.103', os.name: 'Windows 10', os.arch: 'amd64', os.version: '10.0', java.version: '1.8.0_181'
Driver info: org.openqa.selenium.chrome.ChromeDriver
Capabilities {acceptInsecureCerts: false, browserName: chrome, browserVersion: 85.0.4183.83, chrome: {chromedriverVersion: 85.0.4183.87 (cd6713ebf92fa..., userDataDir: C:\Users\Honey\AppData\Loca...}, goog:chromeOptions: {debuggerAddress: localhost:54466}, javascriptEnabled: true, networkConnectionEnabled: false, pageLoadStrategy: normal, platform: WINDOWS, platformName: WINDOWS, proxy: Proxy(), setWindowRect: true, strictFileInteractability: false, timeouts: {implicit: 0, pageLoad: 300000, script: 30000}, unhandledPromptBehavior: dismiss and notify, webauthn:virtualAuthenticators: true}
Session ID: 56e7ee17813d331c0ed6d831c70fc110
*** Element info: {Using=xpath, value=//a[text()='Continue to Addresses']}
at org.openqa.selenium.remote.http.W3CHttpResponseCodec.createException(W3CHttpResponseCodec.java:187)
at org.openqa.selenium.remote.http.W3CHttpResponseCodec.decode(W3CHttpResponseCodec.java:122)
at org.openqa.selenium.remote.http.W3CHttpResponseCodec.decode(W3CHttpResponseCodec.java:49)
at org.openqa.selenium.remote.HttpCommandExecutor.execute(HttpCommandExecutor.java:158)
at org.openqa.selenium.remote.service.DriverCommandExecutor.execute(DriverCommandExecutor.java:83)
at org.openqa.selenium.remote.RemoteWebDriver.execute(RemoteWebDriver.java:552)
at org.openqa.selenium.remote.RemoteWebDriver.findElement(RemoteWebDriver.java:323)
at org.openqa.selenium.remote.RemoteWebDriver.findElementByXPath(RemoteWebDriver.java:428)
at org.openqa.selenium.By$ByXPath.findElement(By.java:353)
at org.openqa.selenium.remote.RemoteWebDriver.findElement(RemoteWebDriver.java:315)
at com.droom.automation.lib.SeleniumWrapper.verifyByText(SeleniumWrapper.java:341)
at com.droom.automation.page.droomweb.PaymentPage.continueToAddressToContinueToPayment(PaymentPage.java:30)
at com.droom.automation.page.droomweb.SearchFeaturePage.searchForScooterAsFBLoggedInUser(SearchFeaturePage.java:124)
at com.droom.automation.droomweb.droomweb_prod.SearchFeatureTest.serachForVehicleValidation(SearchFeatureTest.java:48)
at java.util.ArrayList.forEach(ArrayList.java:1257)
... Removed 31 stack frames]]>
    </failure>
  </testcase> <!-- serachForVehicleValidation -->
  <testcase name="registerForFranchise" time="15.052" classname="com.droom.automation.droomweb.droomweb_prod.FranchiseTest"/>
  <testcase name="paymentAmountForSignUpAsFranchise" time="31.26" classname="com.droom.automation.droomweb.droomweb_prod.FranchiseTest"/>
  <testcase name="paymentAmountForBookingCityAsFranchise" time="31.082" classname="com.droom.automation.droomweb.droomweb_prod.FranchiseTest"/>
  <testcase name="getSiteFranchiseAsUpFrontPaymentForOneMonth" time="31.373" classname="com.droom.automation.droomweb.droomweb_prod.FranchiseTest"/>
  <testcase name="getSiteFranchiseAsUpFrontPaymentForThreeMonth" time="32.511" classname="com.droom.automation.droomweb.droomweb_prod.FranchiseTest"/>
  <testcase name="getSiteFranchiseAsUpFrontPaymentForSixMonth" time="55.654" classname="com.droom.automation.droomweb.droomweb_prod.FranchiseTest">
    <failure type="org.openqa.selenium.NoSuchElementException" message="no such element: Unable to locate element: {&amp;quot;method&amp;quot;:&amp;quot;xpath&amp;quot;,&amp;quot;selector&amp;quot;:&amp;quot;(//label[text()=&amp;apos;Net Banking&amp;apos;])[1]&amp;quot;}
  (Session info: chrome=85.0.4183.83)
For documentation on this error, please visit: https://www.seleniumhq.org/exceptions/no_such_element.html
Build info: version: &amp;apos;3.141.59&amp;apos;, revision: &amp;apos;e82be7d358&amp;apos;, time: &amp;apos;2018-11-14T08:17:03&amp;apos;
System info: host: &amp;apos;LAPTOP-64JMFN9V&amp;apos;, ip: &amp;apos;192.168.0.103&amp;apos;, os.name: &amp;apos;Windows 10&amp;apos;, os.arch: &amp;apos;amd64&amp;apos;, os.version: &amp;apos;10.0&amp;apos;, java.version: &amp;apos;1.8.0_181&amp;apos;
Driver info: org.openqa.selenium.chrome.ChromeDriver
Capabilities {acceptInsecureCerts: false, browserName: chrome, browserVersion: 85.0.4183.83, chrome: {chromedriverVersion: 85.0.4183.87 (cd6713ebf92fa..., userDataDir: C:\Users\Honey\AppData\Loca...}, goog:chromeOptions: {debuggerAddress: localhost:54932}, javascriptEnabled: true, networkConnectionEnabled: false, pageLoadStrategy: normal, platform: WINDOWS, platformName: WINDOWS, proxy: Proxy(), setWindowRect: true, strictFileInteractability: false, timeouts: {implicit: 0, pageLoad: 300000, script: 30000}, unhandledPromptBehavior: dismiss and notify, webauthn:virtualAuthenticators: true}
Session ID: 70cd111dba7defef8eef08819c61a540
*** Element info: {Using=xpath, value=(//label[text()=&amp;apos;Net Banking&amp;apos;])[1]}">
      <![CDATA[org.openqa.selenium.NoSuchElementException: no such element: Unable to locate element: {"method":"xpath","selector":"(//label[text()='Net Banking'])[1]"}
  (Session info: chrome=85.0.4183.83)
For documentation on this error, please visit: https://www.seleniumhq.org/exceptions/no_such_element.html
Build info: version: '3.141.59', revision: 'e82be7d358', time: '2018-11-14T08:17:03'
System info: host: 'LAPTOP-64JMFN9V', ip: '192.168.0.103', os.name: 'Windows 10', os.arch: 'amd64', os.version: '10.0', java.version: '1.8.0_181'
Driver info: org.openqa.selenium.chrome.ChromeDriver
Capabilities {acceptInsecureCerts: false, browserName: chrome, browserVersion: 85.0.4183.83, chrome: {chromedriverVersion: 85.0.4183.87 (cd6713ebf92fa..., userDataDir: C:\Users\Honey\AppData\Loca...}, goog:chromeOptions: {debuggerAddress: localhost:54932}, javascriptEnabled: true, networkConnectionEnabled: false, pageLoadStrategy: normal, platform: WINDOWS, platformName: WINDOWS, proxy: Proxy(), setWindowRect: true, strictFileInteractability: false, timeouts: {implicit: 0, pageLoad: 300000, script: 30000}, unhandledPromptBehavior: dismiss and notify, webauthn:virtualAuthenticators: true}
Session ID: 70cd111dba7defef8eef08819c61a540
*** Element info: {Using=xpath, value=(//label[text()='Net Banking'])[1]}
at org.openqa.selenium.remote.http.W3CHttpResponseCodec.createException(W3CHttpResponseCodec.java:187)
at org.openqa.selenium.remote.http.W3CHttpResponseCodec.decode(W3CHttpResponseCodec.java:122)
at org.openqa.selenium.remote.http.W3CHttpResponseCodec.decode(W3CHttpResponseCodec.java:49)
at org.openqa.selenium.remote.HttpCommandExecutor.execute(HttpCommandExecutor.java:158)
at org.openqa.selenium.remote.service.DriverCommandExecutor.execute(DriverCommandExecutor.java:83)
at org.openqa.selenium.remote.RemoteWebDriver.execute(RemoteWebDriver.java:552)
at org.openqa.selenium.remote.RemoteWebDriver.findElement(RemoteWebDriver.java:323)
at org.openqa.selenium.remote.RemoteWebDriver.findElementByXPath(RemoteWebDriver.java:428)
at org.openqa.selenium.By$ByXPath.findElement(By.java:353)
at org.openqa.selenium.remote.RemoteWebDriver.findElement(RemoteWebDriver.java:315)
at com.droom.automation.lib.SeleniumWrapper.verifyByText(SeleniumWrapper.java:341)
at com.droom.automation.page.droomweb.PaymentPage.paymentViaNetBanking(PaymentPage.java:22)
at com.droom.automation.droomweb.droomweb_prod.FranchiseTest.getSiteFranchiseAsUpFrontPaymentForSixMonth(FranchiseTest.java:160)
at java.util.ArrayList.forEach(ArrayList.java:1257)
... Removed 31 stack frames]]>
    </failure>
  </testcase> <!-- getSiteFranchiseAsUpFrontPaymentForSixMonth -->
  <testcase name="getSiteFranchiseAsEMIForOneMonth" time="37.819" classname="com.droom.automation.droomweb.droomweb_prod.FranchiseTest"/>
  <testcase name="getSiteFranchiseAsEMIForThreeMonth" time="35.155" classname="com.droom.automation.droomweb.droomweb_prod.FranchiseTest"/>
  <testcase name="getSiteFranchiseAsEMIForSixMonth" time="32.335" classname="com.droom.automation.droomweb.droomweb_prod.FranchiseTest"/>
  <testcase name="getEnterpriseFranchiseAsUpFrontPaymentForOneMonth" time="50.723" classname="com.droom.automation.droomweb.droomweb_prod.FranchiseTest"/>
  <testcase name="getEnterpriseFranchiseAsUpFrontPaymentForThreeMonth" time="31.098" classname="com.droom.automation.droomweb.droomweb_prod.FranchiseTest"/>
  <testcase name="getEnterpriseFranchiseAsUpFrontPaymentForSixMonth" time="31.855" classname="com.droom.automation.droomweb.droomweb_prod.FranchiseTest"/>
  <testcase name="ValidatingFranchiseDashboard" time="10.342" classname="com.droom.automation.droomweb.droomweb_prod.FranchiseTest"/>
  <testcase name="ValidatingFranchiseMyOrdersAsAutomobileGermShield" time="26.613" classname="com.droom.automation.droomweb.droomweb_prod.FranchiseTest"/>
  <testcase name="ValidatingFranchiseMyOrdersAsFacilityGermShield" time="24.71" classname="com.droom.automation.droomweb.droomweb_prod.FranchiseTest"/>
  <testcase name="ValidatingFranchiseMyOrdersAsElevatorGermShield" time="22.243" classname="com.droom.automation.droomweb.droomweb_prod.FranchiseTest"/>
  <testcase name="ValidatingFranchiseMyOrdersAsJumpstartService" time="22.77" classname="com.droom.automation.droomweb.droomweb_prod.FranchiseTest"/>
  <testcase name="ValidatingFranchiseMyOrdersAsBigTransport" time="26.198" classname="com.droom.automation.droomweb.droomweb_prod.FranchiseTest"/>
  <testcase name="RegisteringBuyerAsAutomobileGermShield" time="31.442" classname="com.droom.automation.droomweb.droomweb_prod.FranchiseTest"/>
  <testcase name="RegisteringBuyerAsFacilityGermShield" time="30.878" classname="com.droom.automation.droomweb.droomweb_prod.FranchiseTest"/>
  <testcase name="RegisteringBuyerAsElevatorGermShield" time="28.034" classname="com.droom.automation.droomweb.droomweb_prod.FranchiseTest"/>
  <testcase name="RegisteringBuyerAsJumpstartService" time="28.543" classname="com.droom.automation.droomweb.droomweb_prod.FranchiseTest"/>
  <testcase name="RegisteringBuyerAsBigTransport" time="30.744" classname="com.droom.automation.droomweb.droomweb_prod.FranchiseTest"/>
  <testcase name="createNormalListingAsLoggedInUser" time="66.0" classname="com.droom.automation.droomweb.droomweb_prod.CreateListingTest">
    <failure type="org.openqa.selenium.ElementNotInteractableException" message="element not interactable
  (Session info: chrome=85.0.4183.83)
Build info: version: &amp;apos;3.141.59&amp;apos;, revision: &amp;apos;e82be7d358&amp;apos;, time: &amp;apos;2018-11-14T08:17:03&amp;apos;
System info: host: &amp;apos;LAPTOP-64JMFN9V&amp;apos;, ip: &amp;apos;192.168.0.103&amp;apos;, os.name: &amp;apos;Windows 10&amp;apos;, os.arch: &amp;apos;amd64&amp;apos;, os.version: &amp;apos;10.0&amp;apos;, java.version: &amp;apos;1.8.0_181&amp;apos;
Driver info: org.openqa.selenium.chrome.ChromeDriver
Capabilities {acceptInsecureCerts: false, browserName: chrome, browserVersion: 85.0.4183.83, chrome: {chromedriverVersion: 85.0.4183.87 (cd6713ebf92fa..., userDataDir: C:\Users\Honey\AppData\Loca...}, goog:chromeOptions: {debuggerAddress: localhost:56290}, javascriptEnabled: true, networkConnectionEnabled: false, pageLoadStrategy: normal, platform: WINDOWS, platformName: WINDOWS, proxy: Proxy(), setWindowRect: true, strictFileInteractability: false, timeouts: {implicit: 0, pageLoad: 300000, script: 30000}, unhandledPromptBehavior: dismiss and notify, webauthn:virtualAuthenticators: true}
Session ID: 6e8850c5db1286e7d997dfdec89c7353">
      <![CDATA[org.openqa.selenium.ElementNotInteractableException: element not interactable
  (Session info: chrome=85.0.4183.83)
Build info: version: '3.141.59', revision: 'e82be7d358', time: '2018-11-14T08:17:03'
System info: host: 'LAPTOP-64JMFN9V', ip: '192.168.0.103', os.name: 'Windows 10', os.arch: 'amd64', os.version: '10.0', java.version: '1.8.0_181'
Driver info: org.openqa.selenium.chrome.ChromeDriver
Capabilities {acceptInsecureCerts: false, browserName: chrome, browserVersion: 85.0.4183.83, chrome: {chromedriverVersion: 85.0.4183.87 (cd6713ebf92fa..., userDataDir: C:\Users\Honey\AppData\Loca...}, goog:chromeOptions: {debuggerAddress: localhost:56290}, javascriptEnabled: true, networkConnectionEnabled: false, pageLoadStrategy: normal, platform: WINDOWS, platformName: WINDOWS, proxy: Proxy(), setWindowRect: true, strictFileInteractability: false, timeouts: {implicit: 0, pageLoad: 300000, script: 30000}, unhandledPromptBehavior: dismiss and notify, webauthn:virtualAuthenticators: true}
Session ID: 6e8850c5db1286e7d997dfdec89c7353
at org.openqa.selenium.remote.http.W3CHttpResponseCodec.createException(W3CHttpResponseCodec.java:187)
at org.openqa.selenium.remote.http.W3CHttpResponseCodec.decode(W3CHttpResponseCodec.java:122)
at org.openqa.selenium.remote.http.W3CHttpResponseCodec.decode(W3CHttpResponseCodec.java:49)
at org.openqa.selenium.remote.HttpCommandExecutor.execute(HttpCommandExecutor.java:158)
at org.openqa.selenium.remote.service.DriverCommandExecutor.execute(DriverCommandExecutor.java:83)
at org.openqa.selenium.remote.RemoteWebDriver.execute(RemoteWebDriver.java:552)
at org.openqa.selenium.remote.RemoteWebElement.execute(RemoteWebElement.java:285)
at org.openqa.selenium.remote.RemoteWebElement.clear(RemoteWebElement.java:124)
at com.droom.automation.lib.SeleniumWrapper.enterTextboxDetails(SeleniumWrapper.java:178)
at com.droom.automation.page.droomweb.CreateListingPage.pricing(CreateListingPage.java:118)
at com.droom.automation.droomweb.droomweb_prod.CreateListingTest.createNormalListingAsLoggedInUser(CreateListingTest.java:23)
at java.util.ArrayList.forEach(ArrayList.java:1257)
... Removed 31 stack frames]]>
    </failure>
  </testcase> <!-- createNormalListingAsLoggedInUser -->
  <testcase name="createPremiumListingAsLoggedInUser" time="66.195" classname="com.droom.automation.droomweb.droomweb_prod.CreateListingTest">
    <failure type="org.openqa.selenium.ElementNotInteractableException" message="element not interactable
  (Session info: chrome=85.0.4183.83)
Build info: version: &amp;apos;3.141.59&amp;apos;, revision: &amp;apos;e82be7d358&amp;apos;, time: &amp;apos;2018-11-14T08:17:03&amp;apos;
System info: host: &amp;apos;LAPTOP-64JMFN9V&amp;apos;, ip: &amp;apos;192.168.0.103&amp;apos;, os.name: &amp;apos;Windows 10&amp;apos;, os.arch: &amp;apos;amd64&amp;apos;, os.version: &amp;apos;10.0&amp;apos;, java.version: &amp;apos;1.8.0_181&amp;apos;
Driver info: org.openqa.selenium.chrome.ChromeDriver
Capabilities {acceptInsecureCerts: false, browserName: chrome, browserVersion: 85.0.4183.83, chrome: {chromedriverVersion: 85.0.4183.87 (cd6713ebf92fa..., userDataDir: C:\Users\Honey\AppData\Loca...}, goog:chromeOptions: {debuggerAddress: localhost:56390}, javascriptEnabled: true, networkConnectionEnabled: false, pageLoadStrategy: normal, platform: WINDOWS, platformName: WINDOWS, proxy: Proxy(), setWindowRect: true, strictFileInteractability: false, timeouts: {implicit: 0, pageLoad: 300000, script: 30000}, unhandledPromptBehavior: dismiss and notify, webauthn:virtualAuthenticators: true}
Session ID: 0d68aba13e8338e01d44914f0fa031db">
      <![CDATA[org.openqa.selenium.ElementNotInteractableException: element not interactable
  (Session info: chrome=85.0.4183.83)
Build info: version: '3.141.59', revision: 'e82be7d358', time: '2018-11-14T08:17:03'
System info: host: 'LAPTOP-64JMFN9V', ip: '192.168.0.103', os.name: 'Windows 10', os.arch: 'amd64', os.version: '10.0', java.version: '1.8.0_181'
Driver info: org.openqa.selenium.chrome.ChromeDriver
Capabilities {acceptInsecureCerts: false, browserName: chrome, browserVersion: 85.0.4183.83, chrome: {chromedriverVersion: 85.0.4183.87 (cd6713ebf92fa..., userDataDir: C:\Users\Honey\AppData\Loca...}, goog:chromeOptions: {debuggerAddress: localhost:56390}, javascriptEnabled: true, networkConnectionEnabled: false, pageLoadStrategy: normal, platform: WINDOWS, platformName: WINDOWS, proxy: Proxy(), setWindowRect: true, strictFileInteractability: false, timeouts: {implicit: 0, pageLoad: 300000, script: 30000}, unhandledPromptBehavior: dismiss and notify, webauthn:virtualAuthenticators: true}
Session ID: 0d68aba13e8338e01d44914f0fa031db
at org.openqa.selenium.remote.http.W3CHttpResponseCodec.createException(W3CHttpResponseCodec.java:187)
at org.openqa.selenium.remote.http.W3CHttpResponseCodec.decode(W3CHttpResponseCodec.java:122)
at org.openqa.selenium.remote.http.W3CHttpResponseCodec.decode(W3CHttpResponseCodec.java:49)
at org.openqa.selenium.remote.HttpCommandExecutor.execute(HttpCommandExecutor.java:158)
at org.openqa.selenium.remote.service.DriverCommandExecutor.execute(DriverCommandExecutor.java:83)
at org.openqa.selenium.remote.RemoteWebDriver.execute(RemoteWebDriver.java:552)
at org.openqa.selenium.remote.RemoteWebElement.execute(RemoteWebElement.java:285)
at org.openqa.selenium.remote.RemoteWebElement.clear(RemoteWebElement.java:124)
at com.droom.automation.lib.SeleniumWrapper.enterTextboxDetails(SeleniumWrapper.java:178)
at com.droom.automation.page.droomweb.CreateListingPage.pricing(CreateListingPage.java:118)
at com.droom.automation.droomweb.droomweb_prod.CreateListingTest.createPremiumListingAsLoggedInUser(CreateListingTest.java:37)
at java.util.ArrayList.forEach(ArrayList.java:1257)
... Removed 31 stack frames]]>
    </failure>
  </testcase> <!-- createPremiumListingAsLoggedInUser -->
  <testcase name="createConciergeListingAsLoggedInUser" time="73.631" classname="com.droom.automation.droomweb.droomweb_prod.CreateListingTest">
    <failure type="org.openqa.selenium.ElementNotInteractableException" message="element not interactable
  (Session info: chrome=85.0.4183.83)
Build info: version: &amp;apos;3.141.59&amp;apos;, revision: &amp;apos;e82be7d358&amp;apos;, time: &amp;apos;2018-11-14T08:17:03&amp;apos;
System info: host: &amp;apos;LAPTOP-64JMFN9V&amp;apos;, ip: &amp;apos;192.168.0.103&amp;apos;, os.name: &amp;apos;Windows 10&amp;apos;, os.arch: &amp;apos;amd64&amp;apos;, os.version: &amp;apos;10.0&amp;apos;, java.version: &amp;apos;1.8.0_181&amp;apos;
Driver info: org.openqa.selenium.chrome.ChromeDriver
Capabilities {acceptInsecureCerts: false, browserName: chrome, browserVersion: 85.0.4183.83, chrome: {chromedriverVersion: 85.0.4183.87 (cd6713ebf92fa..., userDataDir: C:\Users\Honey\AppData\Loca...}, goog:chromeOptions: {debuggerAddress: localhost:56497}, javascriptEnabled: true, networkConnectionEnabled: false, pageLoadStrategy: normal, platform: WINDOWS, platformName: WINDOWS, proxy: Proxy(), setWindowRect: true, strictFileInteractability: false, timeouts: {implicit: 0, pageLoad: 300000, script: 30000}, unhandledPromptBehavior: dismiss and notify, webauthn:virtualAuthenticators: true}
Session ID: 85e9154de4b4306a6600274905383866">
      <![CDATA[org.openqa.selenium.ElementNotInteractableException: element not interactable
  (Session info: chrome=85.0.4183.83)
Build info: version: '3.141.59', revision: 'e82be7d358', time: '2018-11-14T08:17:03'
System info: host: 'LAPTOP-64JMFN9V', ip: '192.168.0.103', os.name: 'Windows 10', os.arch: 'amd64', os.version: '10.0', java.version: '1.8.0_181'
Driver info: org.openqa.selenium.chrome.ChromeDriver
Capabilities {acceptInsecureCerts: false, browserName: chrome, browserVersion: 85.0.4183.83, chrome: {chromedriverVersion: 85.0.4183.87 (cd6713ebf92fa..., userDataDir: C:\Users\Honey\AppData\Loca...}, goog:chromeOptions: {debuggerAddress: localhost:56497}, javascriptEnabled: true, networkConnectionEnabled: false, pageLoadStrategy: normal, platform: WINDOWS, platformName: WINDOWS, proxy: Proxy(), setWindowRect: true, strictFileInteractability: false, timeouts: {implicit: 0, pageLoad: 300000, script: 30000}, unhandledPromptBehavior: dismiss and notify, webauthn:virtualAuthenticators: true}
Session ID: 85e9154de4b4306a6600274905383866
at org.openqa.selenium.remote.http.W3CHttpResponseCodec.createException(W3CHttpResponseCodec.java:187)
at org.openqa.selenium.remote.http.W3CHttpResponseCodec.decode(W3CHttpResponseCodec.java:122)
at org.openqa.selenium.remote.http.W3CHttpResponseCodec.decode(W3CHttpResponseCodec.java:49)
at org.openqa.selenium.remote.HttpCommandExecutor.execute(HttpCommandExecutor.java:158)
at org.openqa.selenium.remote.service.DriverCommandExecutor.execute(DriverCommandExecutor.java:83)
at org.openqa.selenium.remote.RemoteWebDriver.execute(RemoteWebDriver.java:552)
at org.openqa.selenium.remote.RemoteWebElement.execute(RemoteWebElement.java:285)
at org.openqa.selenium.remote.RemoteWebElement.clear(RemoteWebElement.java:124)
at com.droom.automation.lib.SeleniumWrapper.enterTextboxDetails(SeleniumWrapper.java:178)
at com.droom.automation.page.droomweb.CreateListingPage.pricing(CreateListingPage.java:118)
at com.droom.automation.droomweb.droomweb_prod.CreateListingTest.createConciergeListingAsLoggedInUser(CreateListingTest.java:50)
at java.util.ArrayList.forEach(ArrayList.java:1257)
... Removed 31 stack frames]]>
    </failure>
  </testcase> <!-- createConciergeListingAsLoggedInUser -->
  <testcase name="buyRTOServiceAsLoggedInUser" time="55.388" classname="com.droom.automation.droomweb.droomweb_prod.BuyFeatureTest"/>
  <testcase name="buyJumpstartServiceAsLoggedInUser" time="47.125" classname="com.droom.automation.droomweb.droomweb_prod.BuyFeatureTest"/>
  <testcase name="buyCarCareAndDetailingAsLoggedInUser" time="57.919" classname="com.droom.automation.droomweb.droomweb_prod.BuyFeatureTest"/>
  <testcase name="buyRTOServiceAsLoggedInLater" time="52.635" classname="com.droom.automation.droomweb.droomweb_prod.BuyFeatureTest"/>
  <testcase name="@BeforeTest beforeTest" time="0.0" classname="com.droom.automation.lib.AbstractBaseTest">
    <ignored/>
  </testcase> <!-- @BeforeTest beforeTest -->
  <testcase name="@BeforeTest beforeTest" time="0.0" classname="com.droom.automation.lib.AbstractBaseTest">
    <ignored/>
  </testcase> <!-- @BeforeTest beforeTest -->
  <testcase name="@BeforeTest beforeTest" time="0.0" classname="com.droom.automation.lib.AbstractBaseTest">
    <ignored/>
  </testcase> <!-- @BeforeTest beforeTest -->
  <testcase name="@BeforeTest beforeTest" time="0.0" classname="com.droom.automation.lib.AbstractBaseTest">
    <ignored/>
  </testcase> <!-- @BeforeTest beforeTest -->
  <testcase name="@BeforeTest beforeTest" time="0.0" classname="com.droom.automation.lib.AbstractBaseTest">
    <ignored/>
  </testcase> <!-- @BeforeTest beforeTest -->
  <testcase name="@BeforeTest beforeTest" time="0.0" classname="com.droom.automation.lib.AbstractBaseTest">
    <ignored/>
  </testcase> <!-- @BeforeTest beforeTest -->
  <testcase name="@BeforeSuite beforeSuite" time="0.0" classname="com.droom.automation.lib.AbstractBaseTest">
    <ignored/>
  </testcase> <!-- @BeforeSuite beforeSuite -->
  <testcase name="@BeforeSuite beforeSuite" time="0.0" classname="com.droom.automation.lib.AbstractBaseTest">
    <ignored/>
  </testcase> <!-- @BeforeSuite beforeSuite -->
  <testcase name="@BeforeSuite beforeSuite" time="0.0" classname="com.droom.automation.lib.AbstractBaseTest">
    <ignored/>
  </testcase> <!-- @BeforeSuite beforeSuite -->
  <testcase name="@BeforeSuite beforeSuite" time="0.0" classname="com.droom.automation.lib.AbstractBaseTest">
    <ignored/>
  </testcase> <!-- @BeforeSuite beforeSuite -->
  <testcase name="@BeforeSuite beforeSuite" time="0.0" classname="com.droom.automation.lib.AbstractBaseTest">
    <ignored/>
  </testcase> <!-- @BeforeSuite beforeSuite -->
  <testcase name="@BeforeSuite beforeSuite" time="0.0" classname="com.droom.automation.lib.AbstractBaseTest">
    <ignored/>
  </testcase> <!-- @BeforeSuite beforeSuite -->
</testsuite> <!-- Test -->
