<?xml version="1.0" encoding="UTF-8"?>
<testng-results skipped="0" failed="1" ignored="0" total="1" passed="0">
  <reporter-output>
  </reporter-output>
  <suite name="Default suite" duration-ms="50472" started-at="2020-09-10T01:23:14 IST" finished-at="2020-09-10T01:24:05 IST">
    <groups>
    </groups>
    <test name="Default test" duration-ms="50472" started-at="2020-09-10T01:23:14 IST" finished-at="2020-09-10T01:24:05 IST">
      <class name="com.droom.automation.droomweb.droomweb_prod.SearchFeatureTest">
        <test-method status="PASS" signature="beforeSuite(java.lang.String)[pri:0, instance:com.droom.automation.droomweb.droomweb_prod.SearchFeatureTest@5ae50ce6]" name="beforeSuite" is-config="true" duration-ms="63" started-at="2020-09-10T01:23:14 IST" finished-at="2020-09-10T01:23:14 IST">
          <params>
            <param index="0">
              <value>
                <![CDATA[chrome]]>
              </value>
            </param>
          </params>
          <reporter-output>
          </reporter-output>
        </test-method> <!-- beforeSuite -->
        <test-method status="PASS" signature="beforeTest()[pri:0, instance:com.droom.automation.droomweb.droomweb_prod.SearchFeatureTest@5ae50ce6]" name="beforeTest" is-config="true" duration-ms="26" started-at="2020-09-10T01:23:14 IST" finished-at="2020-09-10T01:23:14 IST">
          <reporter-output>
          </reporter-output>
        </test-method> <!-- beforeTest -->
        <test-method status="PASS" signature="init()[pri:0, instance:com.droom.automation.droomweb.droomweb_prod.SearchFeatureTest@5ae50ce6]" name="init" is-config="true" duration-ms="15435" started-at="2020-09-10T01:23:14 IST" finished-at="2020-09-10T01:23:30 IST">
          <reporter-output>
          </reporter-output>
        </test-method> <!-- init -->
        <test-method status="FAIL" signature="serachForVehicleValidation()[pri:4, instance:com.droom.automation.droomweb.droomweb_prod.SearchFeatureTest@5ae50ce6]" name="serachForVehicleValidation" duration-ms="34531" started-at="2020-09-10T01:23:30 IST" finished-at="2020-09-10T01:24:04 IST">
          <exception class="org.openqa.selenium.NoSuchElementException">
            <message>
              <![CDATA[Cannot locate an element using xpath=//button[@id='cart_add']//span
For documentation on this error, please visit: https://www.seleniumhq.org/exceptions/no_such_element.html
Build info: version: '3.141.59', revision: 'e82be7d358', time: '2018-11-14T08:17:03'
System info: host: 'LAPTOP-64JMFN9V', ip: '172.17.17.12', os.name: 'Windows 10', os.arch: 'amd64', os.version: '10.0', java.version: '1.8.0_181'
Driver info: driver.version: RemoteWebDriver]]>
            </message>
            <full-stacktrace>
              <![CDATA[org.openqa.selenium.NoSuchElementException: Cannot locate an element using xpath=//button[@id='cart_add']//span
For documentation on this error, please visit: https://www.seleniumhq.org/exceptions/no_such_element.html
Build info: version: '3.141.59', revision: 'e82be7d358', time: '2018-11-14T08:17:03'
System info: host: 'LAPTOP-64JMFN9V', ip: '172.17.17.12', os.name: 'Windows 10', os.arch: 'amd64', os.version: '10.0', java.version: '1.8.0_181'
Driver info: driver.version: RemoteWebDriver
at org.openqa.selenium.remote.RemoteWebDriver.findElement(RemoteWebDriver.java:327)
at org.openqa.selenium.remote.RemoteWebDriver.findElementByXPath(RemoteWebDriver.java:428)
at org.openqa.selenium.By$ByXPath.findElement(By.java:353)
at org.openqa.selenium.remote.RemoteWebDriver.findElement(RemoteWebDriver.java:315)
at com.droom.automation.page.droomweb.SearchFeaturePage.searchForScooterAsFBLoggedInUser(SearchFeaturePage.java:114)
at com.droom.automation.droomweb.droomweb_prod.SearchFeatureTest.serachForVehicleValidation(SearchFeatureTest.java:44)
at sun.reflect.NativeMethodAccessorImpl.invoke0(Native Method)
at sun.reflect.NativeMethodAccessorImpl.invoke(NativeMethodAccessorImpl.java:62)
at sun.reflect.DelegatingMethodAccessorImpl.invoke(DelegatingMethodAccessorImpl.java:43)
at java.lang.reflect.Method.invoke(Method.java:498)
at org.testng.internal.MethodInvocationHelper.invokeMethod(MethodInvocationHelper.java:133)
at org.testng.internal.TestInvoker.invokeMethod(TestInvoker.java:584)
at org.testng.internal.TestInvoker.invokeTestMethod(TestInvoker.java:172)
at org.testng.internal.MethodRunner.runInSequence(MethodRunner.java:46)
at org.testng.internal.TestInvoker$MethodInvocationAgent.invoke(TestInvoker.java:804)
at org.testng.internal.TestInvoker.invokeTestMethods(TestInvoker.java:145)
at org.testng.internal.TestMethodWorker.invokeTestMethods(TestMethodWorker.java:146)
at org.testng.internal.TestMethodWorker.run(TestMethodWorker.java:128)
at java.util.ArrayList.forEach(ArrayList.java:1257)
at org.testng.TestRunner.privateRun(TestRunner.java:770)
at org.testng.TestRunner.run(TestRunner.java:591)
at org.testng.SuiteRunner.runTest(SuiteRunner.java:402)
at org.testng.SuiteRunner.runSequentially(SuiteRunner.java:396)
at org.testng.SuiteRunner.privateRun(SuiteRunner.java:355)
at org.testng.SuiteRunner.run(SuiteRunner.java:304)
at org.testng.SuiteRunnerWorker.runSuite(SuiteRunnerWorker.java:53)
at org.testng.SuiteRunnerWorker.run(SuiteRunnerWorker.java:96)
at org.testng.TestNG.runSuitesSequentially(TestNG.java:1180)
at org.testng.TestNG.runSuitesLocally(TestNG.java:1102)
at org.testng.TestNG.runSuites(TestNG.java:1032)
at org.testng.TestNG.run(TestNG.java:1000)
at org.testng.remote.AbstractRemoteTestNG.run(AbstractRemoteTestNG.java:115)
at org.testng.remote.RemoteTestNG.initAndRun(RemoteTestNG.java:251)
at org.testng.remote.RemoteTestNG.main(RemoteTestNG.java:77)
]]>
            </full-stacktrace>
          </exception> <!-- org.openqa.selenium.NoSuchElementException -->
          <reporter-output>
          </reporter-output>
        </test-method> <!-- serachForVehicleValidation -->
        <test-method status="PASS" signature="afterMethod(org.testng.ITestResult)[pri:0, instance:com.droom.automation.droomweb.droomweb_prod.SearchFeatureTest@5ae50ce6]" name="afterMethod" is-config="true" duration-ms="11" started-at="2020-09-10T01:24:05 IST" finished-at="2020-09-10T01:24:05 IST">
          <params>
            <param index="0">
              <value>
                <![CDATA[[TestResult name=serachForVehicleValidation status=FAILURE method=SearchFeatureTest.serachForVehicleValidation()[pri:4, instance:com.droom.automation.droomweb.droomweb_prod.SearchFeatureTest@5ae50ce6] output={null}]]]>
              </value>
            </param>
          </params>
          <reporter-output>
          </reporter-output>
        </test-method> <!-- afterMethod -->
      </class> <!-- com.droom.automation.droomweb.droomweb_prod.SearchFeatureTest -->
    </test> <!-- Default test -->
  </suite> <!-- Default suite -->
</testng-results>
